4104
1	196	6	197
39	0	40	5
199	70	199	81
41	0	41	11
63	236	64	241
96	0	98	3
99	0	99	11
198	1	199	6
188	0	199	0
196	1	197	6
195	1	195	12
189	1	189	12
188	1	188	12
190	1	190	12
191	1	191	12
193	1	193	12
194	1	194	12
192	1	192	12
199	238	199	249
0	190	1	195
0	196	0	207
1	198	1	209
0	208	0	219
1	210	1	221
0	220	0	231
38	0	38	11
39	6	39	17
40	6	40	17
199	82	199	93
196	94	199	96
199	97	199	108
197	98	197	109
198	109	199	114
198	97	198	108
186	97	197	97
196	98	196	109
195	98	195	109
42	0	42	11
98	4	98	15
99	12	99	23
94	4	97	6
93	0	95	3
97	7	97	18
98	16	98	27
96	19	97	24
93	4	93	15
96	7	96	18
95	7	95	18
94	7	94	18
99	24	99	35
199	7	199	18
196	7	196	18
197	7	197	18
198	7	198	18
199	226	199	237
198	82	198	93
195	90	197	93
192	94	195	96
197	77	197	88
198	70	198	81
186	89	197	89
190	91	191	96
192	90	194	93
186	94	189	96
180	90	191	90
196	77	196	88
195	77	195	88
186	91	189	93
184	91	185	96
185	78	185	89
186	77	186	88
190	77	190	88
192	83	193	88
194	77	194	88
191	77	191	88
193	71	193	82
196	71	197	76
192	71	192	82
195	65	195	76
197	59	197	70
196	59	196	70
194	65	194	76
198	58	198	69
199	58	199	69
189	77	189	88
188	74	191	76
188	77	188	88
187	77	187	88
191	62	191	73
193	59	193	70
192	59	192	70
195	53	195	64
197	47	197	58
196	47	196	58
198	52	199	57
198	46	199	51
194	53	194	64
199	34	199	45
198	34	198	45
199	19	199	30
196	23	198	26
196	31	199	33
196	27	198	30
197	34	197	45
186	46	197	46
193	43	196	45
195	37	196	42
193	36	194	41
195	25	195	36
183	42	194	42
187	44	192	45
181	43	192	43
175	44	186	44
180	46	185	47
173	45	184	45
194	47	195	52
195	19	198	21
192	22	195	24
194	13	195	18
191	19	194	21
192	47	193	52
191	33	194	35
191	36	192	41
191	30	194	32
189	33	190	38
187	39	190	41
189	27	190	32
192	26	194	29
191	22	191	29
190	15	190	26
191	15	193	18
188	13	193	14
192	53	193	58
0	238	0	249
0	232	1	237
1	238	2	243
108	238	108	249
109	238	109	249
107	238	107	249
133	70	133	81
187	0	187	11
186	0	186	11
43	0	43	11
92	13	92	24
92	1	92	12
93	16	93	27
81	0	92	0
95	19	95	30
94	19	94	30
96	25	96	36
97	25	97	36
98	28	98	39
97	37	97	48
98	40	98	51
96	37	96	48
92	25	92	36
93	31	95	34
95	35	95	46
94	35	94	46
93	35	93	46
95	47	95	58
96	49	96	60
97	49	97	60
185	97	185	108
194	98	194	109
193	98	193	109
186	98	186	109
187	98	187	109
188	98	188	109
189	98	190	103
192	98	192	109
191	98	191	109
189	104	190	109
191	110	191	121
192	110	192	121
190	110	190	121
199	115	199	126
193	115	198	116
197	117	197	128
198	118	198	129
199	127	199	138
195	117	196	122
193	117	194	122
193	111	195	114
196	110	197	114
196	123	196	134
197	129	197	140
198	130	198	141
199	139	199	150
195	135	196	140
195	142	198	144
184	141	195	141
195	123	195	134
197	145	198	150
195	145	196	150
188	110	189	115
191	50	191	61
188	47	191	49
187	47	187	58
189	50	190	55
188	55	188	66
189	56	190	61
186	47	186	58
180	48	183	50
185	48	185	59
184	48	184	59
186	59	186	70
187	59	187	70
188	67	189	72
189	62	190	66
186	71	187	76
181	51	183	54
185	60	185	71
184	72	185	77
183	78	184	83
183	84	184	89
184	60	184	71
180	51	180	62
183	55	183	66
181	55	182	60
181	61	181	72
183	67	183	77
182	61	182	72
180	32	180	43
181	31	181	42
182	31	182	42
186	30	186	41
188	27	188	38
187	27	187	38
183	30	183	41
185	30	185	41
184	30	184	41
179	46	179	57
189	15	189	26
187	14	187	25
188	15	188	26
176	26	187	26
185	14	185	25
186	14	186	25
183	27	186	29
182	12	187	13
184	14	184	25
180	27	182	30
169	31	180	31
177	27	179	30
174	27	176	30
172	32	173	37
170	32	171	37
169	32	169	43
174	32	174	43
163	44	174	44
170	38	171	43
172	38	173	43
168	32	168	43
175	32	175	43
179	32	179	43
178	32	178	43
177	32	177	43
176	32	176	43
172	45	172	56
167	32	167	43
165	38	166	43
166	26	166	37
167	26	168	31
164	32	165	37
163	38	164	43
174	15	174	26
175	15	175	26
178	46	178	57
177	46	177	57
175	46	176	51
173	46	173	57
174	46	174	57
175	52	175	63
176	52	176	63
178	58	179	63
177	59	177	70
178	64	179	69
180	63	180	74
182	73	182	84
180	85	182	88
181	73	181	84
171	89	182	89
178	70	178	81
179	70	179	81
180	75	180	84
178	83	179	88
168	82	179	82
176	83	177	88
174	83	175	88
172	83	173	88
170	83	171	88
167	83	169	86
168	87	169	92
179	90	179	101
170	90	171	95
184	97	184	108
183	91	183	102
182	91	182	102
181	91	181	102
180	91	180	102
183	103	183	114
184	109	184	120
185	109	185	120
187	110	187	121
188	116	188	127
189	116	189	127
190	122	191	127
192	122	192	133
194	123	194	134
186	110	186	121
193	123	193	134
191	134	192	139
193	135	194	140
181	140	192	140
190	128	191	133
185	134	190	135
188	136	190	139
188	128	189	133
185	136	187	139
169	93	169	104
170	96	170	107
168	105	169	110
179	102	179	113
180	103	180	114
181	103	181	114
182	103	182	114
173	19	173	30
178	90	178	101
177	102	178	107
176	90	176	101
175	90	175	101
177	90	177	101
173	90	174	95
171	96	174	98
173	99	174	104
172	105	173	110
171	99	172	104
171	105	171	116
170	108	170	119
174	105	174	116
172	111	173	116
176	102	176	113
177	108	177	119
175	102	175	113
178	108	178	119
176	114	176	125
179	114	179	125
177	120	178	125
175	114	175	125
174	117	174	128
173	117	173	128
172	117	172	128
171	117	171	128
187	122	187	133
186	122	186	133
185	122	185	133
184	121	184	132
183	133	184	138
181	129	183	132
173	139	184	139
177	140	178	145
179	140	179	151
180	140	180	151
182	141	183	146
181	141	181	152
180	152	180	163
183	117	183	128
180	115	183	116
181	117	182	122
181	123	182	128
180	117	180	128
177	126	179	129
178	130	180	133
181	133	182	138
178	134	180	137
169	138	180	138
175	126	175	137
176	130	177	135
173	129	174	134
171	135	174	137
175	140	175	151
176	140	176	151
178	146	178	157
177	146	177	157
179	152	179	163
171	129	172	134
174	140	174	151
172	19	172	30
169	19	169	30
171	19	171	30
170	19	170	30
168	111	169	116
181	153	181	164
172	139	172	150
173	140	173	151
178	159	178	170
180	164	180	175
179	164	179	175
167	158	178	158
175	152	176	157
173	152	174	157
171	139	171	150
166	139	169	141
157	138	168	138
170	139	170	150
167	126	167	137
168	126	168	137
166	126	166	137
169	126	169	137
170	126	170	137
169	120	170	125
166	122	168	125
163	120	168	121
166	117	169	119
167	105	167	116
165	139	165	150
169	142	169	153
166	142	167	147
168	142	168	153
166	148	167	153
171	151	172	156
161	157	172	157
165	155	170	156
159	154	170	154
153	156	164	156
153	155	164	155
154	151	165	151
160	152	165	153
155	152	158	154
151	152	154	154
150	155	152	158
160	157	160	168
148	151	150	154
149	155	149	166
147	155	148	160
153	140	153	151
151	140	151	151
152	140	152	151
148	147	150	150
164	139	164	150
150	159	151	164
150	165	153	167
152	159	153	164
153	157	158	158
159	157	159	168
158	159	158	170
156	159	157	164
155	159	155	170
154	159	154	170
157	165	157	176
156	165	156	176
147	143	147	154
148	135	148	146
150	135	150	146
149	135	149	146
147	131	147	142
148	123	148	134
147	119	147	130
148	111	148	122
163	139	163	150
1	244	2	249
2	226	2	237
1	222	1	231
106	238	106	249
185	0	185	11
183	0	184	5
167	71	167	82
168	93	168	104
193	142	194	147
193	148	194	153
199	151	199	162
195	151	196	156
197	151	197	162
198	151	198	162
196	159	196	170
198	163	199	168
197	163	197	174
199	169	199	180
191	157	196	158
198	169	198	180
195	159	195	170
191	154	194	156
193	159	194	164
182	147	182	158
184	142	184	153
183	147	183	158
184	154	184	165
183	159	183	170
182	159	182	170
181	165	181	176
184	166	184	177
182	172	182	183
183	171	183	182
184	178	185	183
183	183	183	194
194	165	194	176
196	171	196	182
197	175	197	186
198	181	199	186
195	171	195	182
193	165	193	176
199	187	199	198
185	166	185	177
185	160	186	165
185	148	185	159
186	148	186	159
185	142	186	147
186	166	186	177
166	105	166	116
161	158	161	169
159	169	159	180
158	171	158	182
160	169	160	180
162	158	162	169
159	181	161	184
161	175	162	180
161	172	166	173
161	174	172	174
161	170	166	171
163	158	163	169
166	158	166	169
165	158	165	169
164	158	164	169
151	128	151	139
150	123	150	134
149	123	149	134
152	128	152	139
153	128	153	139
162	139	162	150
182	0	182	11
183	6	184	11
181	0	181	11
180	0	180	11
195	183	196	188
197	187	197	198
198	187	198	198
187	142	187	153
188	142	188	153
192	142	192	153
191	142	191	153
189	142	190	147
190	148	190	159
189	148	189	159
192	159	192	170
191	159	191	170
192	171	192	182
190	160	190	171
191	171	191	182
188	154	188	165
189	160	189	171
187	154	187	165
188	166	188	177
187	166	187	177
190	172	190	183
189	172	189	183
191	183	192	188
190	184	190	195
194	177	194	188
193	177	193	188
187	178	187	189
188	178	188	189
189	184	189	195
184	184	184	195
186	178	186	189
185	184	185	195
188	190	188	201
186	190	187	195
191	189	192	194
193	189	194	194
191	195	196	196
195	189	196	194
189	196	189	207
190	196	190	207
194	197	195	202
196	197	196	208
197	199	198	204
199	199	199	210
197	205	197	216
198	205	198	216
199	211	199	222
191	197	191	208
192	197	192	208
195	203	195	214
193	203	194	208
196	209	196	220
197	217	197	228
198	217	198	228
190	208	190	219
194	209	194	220
195	215	195	226
196	221	196	232
197	229	197	240
198	229	198	240
191	209	191	220
192	209	193	214
192	215	192	226
194	221	194	232
193	215	193	226
195	227	195	238
196	233	196	244
197	241	198	246
194	245	196	248
187	249	198	249
194	239	195	244
193	233	194	238
192	227	193	232
189	208	189	219
190	220	190	231
191	221	191	232
189	220	189	231
80	0	80	11
79	0	79	11
81	1	81	12
80	12	80	23
79	12	79	23
95	59	95	70
183	14	183	25
182	14	182	25
181	14	181	25
176	12	181	13
180	14	180	25
179	14	179	25
176	14	176	25
177	14	177	25
178	14	178	25
179	0	179	11
178	0	178	11
167	87	167	98
166	99	167	104
173	7	173	18
174	3	174	14
175	3	175	14
176	0	176	11
172	0	175	2
177	0	177	11
171	3	173	6
168	0	171	2
166	0	167	5
168	3	169	8
170	3	170	14
165	0	165	11
167	9	169	12
161	0	164	2
166	6	166	17
168	13	169	18
170	15	172	18
171	9	172	14
160	0	160	11
158	0	159	5
167	13	167	24
157	25	168	25
164	3	164	14
165	12	165	23
155	24	166	24
161	3	161	14
163	3	163	14
162	3	162	14
159	6	159	17
160	15	162	18
163	15	164	20
161	21	164	23
151	19	162	19
151	20	162	20
148	18	159	18
157	21	160	23
153	21	156	23
153	24	154	29
155	25	155	36
156	25	156	36
153	30	154	35
164	26	165	31
163	26	163	37
162	26	162	37
154	36	154	47
155	37	155	48
156	37	156	48
154	48	154	59
162	38	162	49
155	49	155	60
163	45	164	50
165	45	165	56
163	51	164	56
156	49	156	60
152	21	152	32
152	33	152	44
153	36	153	47
157	26	157	37
158	26	159	31
158	32	158	43
157	38	157	49
159	32	159	43
160	26	160	37
161	26	161	37
160	38	160	49
161	38	161	49
158	44	158	55
157	50	157	61
159	44	159	55
160	50	160	61
159	56	159	67
158	56	158	67
155	61	156	66
157	62	157	73
162	50	162	61
161	50	161	61
154	67	156	70
156	71	156	82
157	74	157	85
153	61	154	66
143	60	154	60
171	45	171	56
155	71	155	82
170	45	170	56
168	45	169	50
168	51	168	62
169	51	169	62
167	45	167	56
171	57	172	62
170	57	170	68
166	45	166	56
174	58	174	69
173	58	173	69
171	64	172	69
160	62	160	73
158	68	158	79
159	68	159	79
176	64	176	75
177	71	177	81
175	64	175	75
175	76	176	81
160	74	160	85
158	80	158	91
159	80	159	91
163	57	163	68
164	57	165	62
166	57	166	68
164	64	164	75
169	63	169	74
167	57	167	68
168	63	168	74
161	62	161	73
161	74	162	79
162	62	162	73
163	69	163	80
161	80	161	91
162	80	162	91
163	81	165	84
163	85	165	88
164	76	166	79
166	82	166	93
165	69	166	74
160	86	160	97
164	89	165	94
163	89	163	100
164	95	166	98
161	92	161	103
162	92	162	103
170	69	170	80
168	75	169	80
163	101	163	112
164	99	164	110
164	111	165	116
165	99	165	110
162	117	165	119
174	70	174	81
173	70	173	81
171	70	171	81
172	70	172	81
161	113	163	116
157	104	162	105
161	106	162	111
151	112	162	112
158	98	160	101
155	102	160	103
155	105	156	110
157	106	158	111
159	106	160	111
145	104	156	104
153	105	154	110
151	106	152	111
141	105	152	105
141	102	144	104
154	92	154	103
145	101	148	103
158	92	159	97
150	100	152	103
153	92	153	103
149	92	149	103
152	88	152	99
150	88	150	99
151	88	151	99
147	88	149	91
147	92	148	97
161	120	162	125
155	90	155	101
153	86	154	91
155	84	156	89
157	86	157	97
156	98	157	101
145	83	156	83
149	84	154	85
146	84	148	87
145	84	145	95
146	88	146	99
142	96	145	98
137	100	148	100
134	99	145	99
133	101	144	101
125	100	136	100
165	122	165	133
163	134	165	137
158	117	161	119
158	113	160	116
163	122	163	133
164	122	164	133
160	120	160	131
162	126	162	137
161	126	161	137
159	132	160	137
159	120	159	131
158	120	158	131
157	132	158	137
156	126	157	131
157	113	157	124
156	114	156	125
149	113	156	113
149	107	150	112
146	107	148	110
139	106	150	106
135	104	140	105
145	111	147	114
145	115	147	118
143	107	145	110
135	102	140	103
156	132	156	143
149	117	150	122
149	114	152	116
144	119	146	122
143	111	144	116
139	117	144	118
146	123	146	134
144	124	144	135
146	135	146	146
134	123	145	123
145	124	145	135
141	119	143	122
133	88	133	99
139	95	141	98
143	90	144	95
142	84	142	95
144	78	144	89
143	78	143	89
138	87	138	98
139	89	140	94
139	83	140	88
141	83	141	94
142	72	142	83
136	93	137	98
137	81	137	92
135	87	135	98
134	87	134	98
141	71	141	82
138	75	138	86
139	71	139	82
140	71	140	82
136	81	136	92
137	69	137	80
138	63	138	74
137	57	137	68
157	139	157	150
155	145	156	150
155	133	155	144
154	139	154	150
154	127	154	138
155	121	155	132
159	147	161	150
158	139	158	150
159	141	160	146
161	139	161	146
154	114	155	119
153	114	153	125
151	122	152	127
151	117	152	121
143	124	143	135
142	124	142	135
136	69	136	80
136	57	136	68
138	119	140	122
135	119	137	122
132	82	133	87
135	75	135	86
134	75	134	86
135	63	135	74
134	63	134	74
132	64	133	69
141	124	141	135
138	107	138	118
135	107	137	110
126	111	137	111
127	106	138	106
135	115	137	118
132	112	137	113
126	114	137	114
133	115	134	120
132	107	134	110
132	102	134	105
121	101	132	101
129	102	131	105
117	105	128	105
125	102	128	104
129	121	134	122
121	102	124	104
129	115	132	117
141	111	142	116
140	107	142	110
139	111	140	116
122	97	124	100
129	118	132	120
126	112	131	113
123	106	126	108
129	107	131	110
117	109	128	109
117	110	128	110
117	106	122	107
111	108	122	108
124	111	125	116
126	115	127	120
128	115	128	126
126	121	127	126
129	123	130	128
131	123	132	128
133	123	133	134
125	88	125	99
126	96	128	99
126	84	126	95
127	90	128	95
127	84	128	89
134	124	135	129
134	130	135	135
136	124	136	135
132	88	132	99
131	88	131	99
130	88	130	99
129	88	129	99
129	82	130	87
131	76	131	87
132	70	132	81
128	127	128	138
131	129	131	140
132	129	132	140
133	135	133	146
129	129	130	134
129	135	130	140
140	124	140	135
134	136	135	141
134	142	134	153
137	124	137	135
139	124	139	135
138	124	138	135
136	136	136	147
135	142	135	153
132	147	133	152
131	153	133	156
130	142	132	145
121	146	132	146
121	141	132	141
127	142	129	145
123	139	128	140
124	142	126	145
121	142	123	145
130	147	131	152
137	136	137	147
139	136	140	141
138	136	138	147
116	109	116	120
125	117	125	128
126	127	126	138
127	127	127	138
117	111	117	122
119	111	121	114
118	115	119	120
122	111	122	122
121	115	121	126
120	115	120	126
123	111	123	122
124	117	124	128
122	124	123	129
118	121	118	132
119	127	121	130
122	130	123	135
119	131	121	134
124	129	125	134
122	136	125	138
117	139	122	140
119	135	121	138
117	133	118	138
120	141	120	152
118	141	119	146
121	147	122	152
129	147	129	158
130	153	130	164
123	147	124	152
125	147	125	158
115	109	115	120
114	109	114	120
128	147	128	158
126	147	126	158
127	147	127	158
136	148	136	159
134	154	134	165
132	157	133	162
132	163	133	168
131	157	131	168
135	154	135	165
137	148	138	153
136	160	136	171
134	166	135	171
132	169	132	180
133	169	133	180
134	172	134	183
137	154	137	165
138	154	138	165
131	169	131	180
145	136	145	147
146	147	146	158
144	148	145	153
144	154	145	159
146	159	146	170
147	161	147	172
148	161	148	172
143	160	145	163
149	167	149	178
150	168	151	173
153	168	153	179
150	174	152	177
151	178	151	189
152	178	152	189
155	171	155	182
154	171	154	182
153	180	153	191
150	178	150	189
144	136	144	147
154	183	155	188
158	183	158	194
159	185	160	190
154	189	155	194
157	177	157	188
156	177	156	188
157	189	157	200
156	189	156	200
141	136	141	147
139	142	140	147
139	148	140	153
139	154	142	156
141	148	142	153
142	136	142	147
143	136	143	147
143	148	143	159
140	157	142	160
139	157	139	168
140	161	140	172
141	161	141	172
142	161	142	172
138	166	138	177
137	166	137	177
139	169	139	180
136	172	136	183
137	178	137	189
135	172	135	183
138	178	138	189
145	164	145	175
146	171	146	182
147	173	147	184
145	176	145	187
148	173	148	184
149	179	149	190
148	185	148	196
147	185	147	196
146	183	146	194
144	164	144	175
143	164	143	175
141	173	142	178
140	173	140	184
144	176	144	187
141	179	143	182
139	181	139	192
150	190	150	201
149	191	149	202
146	197	148	200
151	190	151	201
141	195	146	196
152	190	152	201
153	192	153	203
155	195	155	206
154	195	154	206
150	202	150	213
152	202	152	213
151	202	151	213
153	204	153	215
141	183	141	194
144	188	145	193
140	185	140	196
142	183	142	194
143	183	143	194
159	191	159	202
158	195	158	206
156	201	156	212
157	201	157	212
155	207	155	218
154	207	154	218
156	213	161	214
158	207	159	212
159	203	161	206
160	191	160	202
156	215	157	220
160	207	161	212
161	191	161	202
146	201	148	204
149	203	149	214
152	214	152	225
151	214	151	225
153	216	153	227
154	219	155	224
150	214	150	225
151	226	152	231
149	226	150	231
161	185	162	190
162	181	164	184
163	175	164	180
165	179	167	182
165	175	167	178
113	109	113	120
137	190	138	195
139	193	139	204
137	197	138	202
127	196	138	196
135	197	136	202
134	197	134	208
132	191	134	194
136	184	136	195
124	195	135	195
135	184	135	194
130	189	131	194
133	185	134	190
130	185	132	188
131	181	133	184
129	179	130	184
135	203	135	214
136	203	136	214
137	203	137	214
138	203	138	214
126	196	126	207
132	197	132	208
133	197	133	208
125	196	125	207
127	197	127	208
128	197	128	208
131	197	131	208
130	197	130	208
129	197	129	208
128	189	129	194
127	185	129	188
126	189	127	194
128	173	128	184
130	167	130	178
125	165	130	166
129	167	129	178
127	173	127	184
127	167	128	172
148	205	148	216
149	215	149	225
124	196	124	207
139	205	139	216
147	205	147	216
154	225	154	236
153	228	153	239
154	237	154	248
152	240	153	245
150	247	153	249
142	246	153	246
154	249	165	249
150	240	151	245
149	234	149	245
151	234	152	239
147	234	147	245
148	234	148	245
147	232	152	233
146	234	146	245
146	247	149	249
142	247	145	249
146	222	146	233
147	226	148	231
147	220	148	225
145	217	148	219
141	220	146	221
145	234	145	245
144	234	144	245
145	222	145	233
144	222	144	233
143	222	143	233
143	234	143	245
140	197	140	208
142	197	143	202
141	197	141	208
144	197	144	208
145	197	145	208
146	205	146	216
144	209	145	214
140	215	145	216
140	209	141	214
143	203	143	214
142	203	142	214
141	217	144	219
127	159	129	162
124	163	129	164
124	159	126	162
123	153	124	158
151	45	152	50
153	48	153	59
151	51	152	56
149	57	152	59
143	72	144	77
139	59	139	70
138	51	138	62
148	48	148	59
146	54	147	59
144	54	145	59
150	45	150	56
149	45	149	56
147	42	147	53
148	36	148	47
149	41	151	44
151	29	151	40
149	29	149	40
150	29	150	40
150	23	151	28
146	21	151	22
145	19	150	20
148	23	149	28
147	23	147	34
137	35	148	35
138	22	138	33
143	48	143	59
144	42	144	53
145	42	145	53
146	42	146	53
146	23	146	34
139	47	139	58
146	36	147	41
143	36	143	47
144	36	145	41
140	43	140	54
140	55	141	60
142	54	142	65
141	48	142	53
140	61	141	66
141	36	141	47
142	36	142	47
140	67	142	70
143	66	144	71
139	37	140	42
129	36	140	36
143	62	145	65
143	61	152	61
137	43	139	46
135	48	138	50
127	47	138	47
137	37	138	42
133	37	136	39
135	40	136	45
125	46	136	46
136	24	136	35
137	23	137	34
131	22	136	23
137	11	137	22
130	22	130	33
131	24	131	35
125	34	130	35
129	22	129	33
128	22	128	33
133	19	136	21
127	20	132	21
132	8	132	19
135	13	136	18
133	7	133	18
135	7	136	12
134	7	134	18
129	16	131	19
131	4	131	15
138	16	139	21
134	24	134	35
133	24	133	35
135	24	135	35
132	24	132	35
123	36	128	37
129	37	131	40
132	37	132	45
133	40	134	45
120	45	131	45
129	41	131	44
132	3	134	6
139	23	139	34
130	4	130	15
124	24	124	35
115	23	126	23
125	24	126	29
125	30	127	33
127	22	127	29
126	11	126	22
129	4	129	15
125	11	125	22
128	8	128	19
127	8	127	19
124	11	124	22
140	23	140	34
141	23	141	34
125	5	126	10
127	2	128	7
129	0	131	3
132	1	137	2
123	0	128	1
132	0	143	0
123	2	126	4
135	3	137	6
137	7	139	10
138	2	140	5
138	1	149	1
138	6	149	6
144	0	155	0
157	0	157	11
158	6	158	17
138	11	140	14
138	15	149	15
140	17	141	22
144	16	147	18
143	16	143	27
144	19	144	30
142	28	143	33
144	31	145	34
142	16	142	27
145	21	145	30
148	16	153	17
156	12	157	17
154	6	154	17
155	6	155	17
154	1	156	4
153	1	153	12
150	13	153	15
141	11	143	14
150	1	150	12
148	7	149	12
144	13	149	14
144	10	147	12
144	7	147	9
141	7	143	10
152	1	152	12
151	1	151	12
147	2	149	5
144	2	146	5
141	2	143	5
123	5	124	10
146	62	146	73
145	66	145	77
145	78	148	80
145	81	150	82
146	74	148	77
149	69	149	80
148	62	148	73
149	63	150	68
147	62	147	73
152	62	152	73
151	62	151	73
153	67	153	78
150	69	150	80
151	74	152	79
153	79	154	82
154	71	154	78
133	48	134	53
136	51	137	56
135	51	135	62
133	54	134	59
131	60	134	62
122	63	133	63
132	48	132	59
131	48	131	59
123	24	123	35
122	28	122	39
123	38	128	39
120	24	122	27
119	28	121	31
121	32	121	43
122	40	127	41
122	42	125	44
126	42	128	44
110	44	121	44
117	24	119	27
120	32	120	43
115	24	116	29
117	28	118	33
118	38	119	43
117	34	119	37
116	38	117	43
128	72	128	83
130	70	130	81
129	69	129	80
130	64	131	69
127	66	128	71
124	64	129	65
125	66	126	71
117	141	117	152
119	147	119	158
120	153	121	158
118	147	118	158
122	153	122	164
123	160	123	171
125	167	126	172
124	165	124	176
125	173	126	178
124	177	124	188
125	183	126	188
125	179	126	182
155	237	155	248
155	225	155	236
126	47	126	58
120	47	125	48
113	46	124	46
108	45	119	45
130	48	130	59
127	48	127	59
128	48	128	59
129	48	129	59
124	59	126	62
127	60	130	62
124	53	125	58
123	49	125	52
122	53	123	58
121	59	123	62
120	53	121	58
120	49	122	52
121	0	122	5
122	6	122	17
123	11	123	22
120	19	122	22
111	18	122	18
117	19	119	22
114	19	116	22
115	30	116	35
111	36	116	37
114	38	115	43
110	41	113	43
110	38	113	40
120	159	121	164
113	19	113	30
114	23	114	34
103	35	114	35
105	36	110	37
107	38	109	41
106	42	109	44
104	38	106	41
99	36	104	37
100	24	100	35
101	30	102	35
107	45	107	56
100	39	102	42
99	38	99	49
103	38	103	49
101	43	102	48
100	43	100	54
99	50	99	61
101	49	101	60
98	52	98	63
96	61	97	66
102	49	102	60
100	55	100	66
99	62	99	73
96	67	96	78
97	67	98	72
105	42	105	53
104	42	104	53
103	50	103	61
101	61	102	66
106	45	106	56
103	62	104	67
104	54	105	59
102	67	102	78
104	60	109	61
106	57	109	59
100	67	100	78
101	67	101	78
99	74	99	85
97	73	97	84
98	73	98	84
111	31	113	34
112	19	112	30
111	19	111	30
112	46	112	57
113	47	118	48
108	51	109	56
119	47	119	58
108	46	110	49
111	46	111	57
110	50	110	61
113	49	113	60
112	58	112	69
111	58	111	69
107	62	110	64
106	62	106	73
107	65	107	76
105	62	105	73
104	68	104	79
106	74	106	85
105	74	105	85
103	68	103	79
110	65	110	76
109	65	109	76
108	65	108	76
108	31	110	34
110	19	110	30
109	19	109	30
108	19	108	30
102	79	102	90
101	79	101	90
100	79	100	90
100	12	100	23
108	13	109	18
110	7	110	18
111	12	112	17
111	6	112	11
104	80	104	91
103	80	103	91
100	0	100	11
101	18	101	29
102	18	102	29
113	61	113	72
112	70	112	81
111	70	111	81
109	77	110	82
108	77	108	88
107	77	107	88
109	83	109	94
105	86	105	97
106	86	106	97
113	73	113	84
110	83	110	94
111	82	111	93
112	82	112	93
108	89	108	100
107	89	107	100
106	98	106	109
103	23	103	34
107	23	107	34
107	11	107	22
109	1	109	12
108	1	108	12
105	7	107	10
106	1	107	6
102	4	105	6
103	0	105	3
101	0	101	11
106	0	117	0
119	0	120	5
118	0	118	11
119	6	119	17
117	12	118	17
114	6	117	8
114	9	117	11
115	12	116	17
113	12	114	17
114	3	117	5
110	2	112	5
110	1	117	1
113	2	113	11
120	6	120	17
121	6	121	17
105	11	106	16
106	17	106	28
105	29	106	34
101	12	102	17
102	8	104	11
103	12	104	17
105	17	105	28
103	18	104	22
104	23	104	34
120	59	120	70
121	63	121	74
122	64	122	75
123	64	123	75
124	66	124	77
125	72	125	83
126	72	126	83
127	72	127	83
119	75	121	78
122	76	123	81
124	79	124	90
118	71	120	74
119	59	119	70
118	59	118	70
123	91	124	96
121	79	121	90
122	82	123	87
122	88	122	96
120	91	121	96
119	97	121	100
118	75	118	86
119	79	120	84
119	85	120	90
118	91	119	96
116	87	118	90
117	91	117	102
118	101	120	104
112	103	117	104
116	91	116	102
113	105	116	107
107	106	112	107
108	102	111	104
107	101	115	101
107	108	107	119
109	95	110	100
111	95	112	100
113	89	113	100
113	85	115	88
115	79	116	84
117	75	117	86
115	73	116	78
114	73	114	84
117	63	117	74
114	89	114	100
115	89	115	100
110	108	110	119
112	109	112	120
111	109	111	120
108	108	108	119
109	108	109	119
116	61	116	72
117	51	117	62
114	49	118	50
118	51	118	58
115	55	116	60
114	51	116	54
114	55	114	66
114	67	115	72
119	159	119	170
120	165	120	176
121	165	121	176
122	165	122	176
123	172	123	183
121	177	122	182
120	177	120	188
121	183	122	188
123	184	123	195
124	189	125	194
118	171	119	176
119	177	119	188
118	177	118	188
122	189	122	200
123	196	123	207
121	201	122	206
122	207	122	218
124	208	125	213
126	208	126	219
123	208	123	219
125	214	125	225
124	214	124	225
122	219	122	230
123	220	123	231
134	209	134	220
135	215	135	226
124	226	125	231
138	215	138	226
139	217	140	222
141	222	141	233
139	223	140	228
142	222	142	233
136	215	136	226
137	215	137	226
133	209	133	220
177	159	177	170
176	159	176	170
173	159	175	162
175	163	175	174
178	171	178	182
177	171	177	182
176	171	176	182
172	175	175	177
174	178	175	183
172	178	173	183
176	183	176	194
180	176	180	187
181	177	181	188
179	176	179	187
182	184	182	195
183	195	183	206
180	188	180	199
181	189	181	200
182	196	182	207
177	183	177	194
178	183	178	194
179	188	179	199
183	207	183	218
168	175	168	186
171	175	171	186
169	175	170	180
170	181	170	192
169	181	169	192
181	201	181	212
182	208	182	219
165	183	165	194
166	183	166	194
167	183	167	194
168	187	168	198
179	213	181	216
163	185	163	196
162	191	162	202
164	185	164	196
165	195	165	206
163	197	164	202
164	203	164	214
162	203	162	214
163	203	163	214
167	195	167	206
166	195	166	206
174	163	174	174
173	163	173	174
175	184	175	195
173	184	174	189
172	184	172	195
173	190	174	195
171	187	171	198
169	193	170	198
180	201	180	212
169	200	180	200
176	195	178	198
168	199	178	199
168	200	168	211
172	196	175	198
178	201	179	206
171	168	172	173
171	162	172	167
169	159	172	161
168	159	168	170
167	171	170	173
169	162	170	167
167	159	167	170
167	207	167	218
166	207	166	218
165	207	165	218
187	196	187	207
188	202	188	213
178	207	179	212
188	214	188	225
188	226	188	237
190	232	190	243
191	233	192	238
189	232	189	243
191	239	192	244
193	239	193	248
188	244	190	247
181	248	192	248
175	249	186	249
172	244	173	249
174	238	174	249
175	243	176	248
180	237	180	248
187	238	188	243
185	244	187	247
179	237	179	248
177	237	177	248
175	231	175	242
176	231	176	242
178	237	178	248
184	236	184	247
186	232	186	243
185	232	185	243
187	226	187	237
187	214	187	225
186	208	187	213
186	196	186	207
186	214	186	225
185	226	186	231
185	214	185	225
185	202	185	213
184	196	185	201
184	202	184	213
184	214	184	225
183	219	183	230
184	226	184	235
183	236	183	247
181	231	183	234
182	235	182	246
181	235	181	246
179	228	182	230
179	231	180	236
181	222	182	227
177	220	182	221
177	225	177	236
178	225	178	236
179	222	180	227
173	228	176	230
176	216	176	227
178	217	181	219
177	213	178	216
175	216	175	227
174	216	174	227
171	224	173	227
173	232	174	237
163	231	174	231
168	223	170	226
169	228	172	230
159	227	170	227
165	228	168	230
173	212	173	223
161	228	164	230
159	228	160	233
162	231	162	242
161	231	161	242
165	232	166	237
167	232	167	243
166	238	166	249
164	238	165	243
163	232	164	237
163	238	163	248
167	244	168	249
172	238	173	243
171	238	171	249
169	238	169	249
170	238	170	249
168	232	168	243
169	232	170	237
171	232	172	237
174	204	174	215
172	206	173	211
170	203	173	205
170	206	171	211
161	243	162	248
176	204	176	215
177	201	177	212
171	201	176	202
175	203	175	214
169	201	169	212
168	212	168	222
170	212	171	217
169	213	169	222
170	219	172	222
166	219	167	224
162	225	167	226
160	221	161	226
164	219	165	224
162	219	163	224
159	215	159	226
160	215	161	220
162	215	164	218
158	215	158	226
157	221	157	232
157	233	158	238
156	221	156	232
156	233	156	244
156	245	158	248
157	239	158	244
160	234	160	245
159	234	159	245
3	238	3	249
2	214	2	225
2	202	2	213
2	199	5	201
2	198	13	198
3	202	4	207
83	1	83	12
82	1	82	12
84	1	84	12
85	1	86	6
87	1	87	12
85	7	86	12
88	1	88	12
89	1	89	12
90	1	90	12
91	1	91	12
91	13	91	24
88	13	90	16
86	13	87	18
88	17	89	22
90	17	90	28
85	13	85	24
86	19	86	30
87	23	88	28
91	25	91	36
89	23	89	34
88	29	88	40
89	35	89	46
87	29	87	40
90	29	90	40
90	41	90	52
91	37	91	48
92	37	92	48
91	49	91	60
94	47	94	58
93	59	94	64
93	47	93	58
92	49	92	60
90	53	90	64
92	61	92	72
91	61	91	72
84	13	84	24
83	13	83	24
95	71	95	82
96	79	96	90
97	85	98	90
99	86	99	97
94	65	94	76
93	65	93	76
81	13	81	24
82	13	82	24
102	91	102	102
103	92	104	97
103	98	104	103
105	98	105	109
101	91	101	102
100	91	100	102
100	103	102	106
103	104	103	115
104	104	104	115
106	110	106	121
105	110	105	121
110	120	110	131
109	120	109	131
116	123	117	128
111	121	116	122
115	129	117	132
114	123	115	128
114	129	114	140
115	133	115	144
116	133	116	144
108	120	108	131
107	120	107	131
113	123	113	134
112	123	112	134
111	123	111	134
89	47	89	58
99	98	99	109
100	107	102	110
99	110	99	121
100	111	100	122
102	111	102	122
103	116	104	121
101	111	101	122
103	122	103	133
98	122	99	127
102	123	102	134
100	123	100	134
96	129	99	131
101	123	101	134
88	128	99	128
96	118	98	121
96	122	97	127
104	122	104	133
106	122	106	133
108	132	110	135
107	132	107	143
106	134	106	145
105	122	105	133
114	141	114	152
115	145	115	156
116	145	116	156
117	153	117	164
118	159	118	170
113	135	113	146
111	135	111	146
112	135	112	146
108	136	108	147
107	144	107	155
108	148	108	159
110	136	110	147
109	136	109	147
112	147	113	152
111	147	111	158
109	148	110	153
112	153	112	164
113	153	114	158
115	157	116	162
114	163	115	168
116	163	116	174
117	165	117	176
113	159	113	170
115	169	115	180
116	175	116	186
117	177	117	188
114	169	114	180
110	154	110	165
111	162	111	173
112	165	112	176
113	171	113	182
115	181	115	192
114	181	114	192
116	187	116	198
109	154	109	165
105	156	107	159
110	166	110	177
111	174	111	185
112	177	112	188
113	183	113	194
114	193	115	198
98	106	98	117
121	189	121	200
110	178	110	189
111	186	111	197
113	195	113	206
112	189	112	200
111	198	111	209
112	201	112	212
110	210	111	215
105	134	105	145
104	134	104	145
103	134	103	145
120	189	120	200
119	189	119	200
118	189	118	200
117	189	117	200
116	199	116	210
114	199	115	204
115	205	115	216
114	205	114	216
113	207	113	218
112	213	112	224
117	201	117	212
116	211	116	222
114	217	115	222
113	219	113	230
114	223	116	226
114	227	115	232
116	227	117	232
113	231	113	242
120	201	120	212
121	207	121	218
119	201	119	212
118	201	118	212
122	231	122	242
114	233	114	244
115	238	115	249
112	246	114	249
110	243	113	245
110	237	111	242
112	231	112	242
115	234	117	237
116	242	119	244
116	238	118	241
118	234	120	237
119	238	121	241
120	242	121	247
117	245	119	248
121	226	121	237
116	249	127	249
120	248	131	248
128	249	139	249
132	243	133	248
122	244	124	247
122	243	131	243
125	244	127	247
129	244	131	247
120	219	121	224
119	213	120	218
119	225	120	230
118	231	120	233
118	219	119	224
117	213	118	218
123	232	124	237
134	237	134	248
123	239	125	242
123	238	133	238
126	239	128	242
131	239	133	242
133	226	133	237
132	226	132	237
125	232	126	237
126	220	126	231
141	238	141	249
142	234	142	245
139	234	141	237
140	238	140	249
136	246	139	248
138	240	139	245
135	238	139	239
135	240	135	248
136	240	137	245
138	229	140	232
134	227	138	228
137	233	138	237
135	229	137	232
135	233	136	237
132	221	134	224
127	225	134	225
130	226	130	237
131	226	131	237
127	226	128	231
127	232	128	237
129	226	129	237
109	226	109	237
110	224	110	235
111	225	112	230
110	216	111	221
106	222	111	223
104	224	109	225
108	166	109	171
107	160	108	165
105	160	106	165
127	213	127	224
127	209	129	212
128	213	128	224
130	213	130	224
130	209	132	212
131	213	132	218
129	213	129	224
108	226	108	237
86	31	86	42
88	41	88	52
87	41	87	52
88	53	88	64
89	60	89	71
90	65	90	76
92	73	92	84
93	77	93	88
94	77	94	88
95	83	95	94
91	73	91	84
97	91	98	96
96	91	96	102
97	97	98	102
92	85	92	96
94	89	94	100
95	98	95	109
96	103	98	105
96	106	97	111
93	89	93	100
94	101	94	112
96	112	97	117
93	101	93	112
92	101	92	112
95	110	95	121
91	85	91	96
90	97	92	100
94	122	95	127
93	116	94	121
91	113	94	115
91	116	92	121
88	65	88	76
89	72	89	83
90	77	90	88
88	77	88	88
89	84	89	95
79	96	90	96
87	90	88	95
77	89	88	89
85	90	86	95
83	90	84	95
92	122	93	127
90	122	91	127
81	90	82	95
79	90	80	95
87	53	87	64
80	24	80	35
85	25	85	36
83	25	84	30
82	33	84	36
81	25	82	30
81	31	81	42
83	37	85	40
85	41	85	52
83	41	83	52
82	37	82	48
84	41	84	52
86	43	86	54
81	43	81	54
82	49	82	60
84	53	85	58
86	55	86	66
85	59	85	70
86	68	87	73
83	59	84	64
82	74	87	75
87	76	87	87
76	88	87	88
83	67	84	72
74	73	85	73
86	76	86	87
79	65	84	66
80	61	82	64
81	67	82	72
79	67	80	72
80	74	81	79
79	74	79	85
80	80	81	85
85	76	85	87
83	76	84	81
82	82	84	85
79	86	84	87
80	55	81	60
95	129	95	140
96	132	96	143
99	132	99	143
98	132	98	143
97	132	97	143
100	135	100	146
102	135	102	146
101	135	101	146
105	146	106	151
103	153	106	155
95	152	106	152
103	146	104	151
91	151	102	151
100	147	102	150
94	141	95	146
98	144	99	149
88	150	99	150
96	144	97	149
92	147	95	149
93	135	93	146
92	135	92	146
94	129	94	140
92	129	93	134
105	212	105	223
106	216	107	221
106	210	107	215
108	210	108	221
109	210	109	221
89	97	89	108
90	101	90	112
89	113	90	118
91	101	91	112
87	119	90	121
87	109	89	112
87	113	88	118
88	122	89	127
87	122	87	133
88	129	88	140
89	129	90	134
91	129	91	140
89	135	89	146
90	135	90	146
91	141	91	149
87	147	90	149
87	141	88	146
86	135	87	140
76	134	87	134
78	76	78	87
73	74	78	75
72	68	73	73
78	61	78	72
79	53	79	64
80	43	80	54
75	67	76	72
74	61	74	72
75	61	76	66
77	61	77	72
78	49	78	60
79	41	79	52
78	36	80	39
69	40	80	40
77	41	78	46
67	47	78	47
67	48	78	48
77	28	77	39
78	24	78	35
79	24	79	35
77	16	77	27
78	12	78	23
76	28	76	39
76	16	76	27
77	49	77	60
75	49	76	54
74	57	76	60
71	55	76	56
73	49	74	54
71	49	72	54
75	41	76	46
73	41	74	46
71	41	72	46
72	62	73	67
71	58	73	61
62	57	73	57
70	58	70	69
71	62	71	73
69	41	70	46
69	51	70	56
65	49	70	50
67	51	68	56
65	51	66	56
102	153	102	164
99	153	101	156
104	156	104	167
105	166	105	177
106	166	107	171
106	172	106	183
103	156	103	167
107	172	107	183
108	172	108	183
109	172	109	183
101	157	101	168
103	168	104	173
102	165	102	176
104	174	104	185
103	174	103	185
105	178	105	189
109	184	109	195
110	190	110	201
107	184	108	189
106	184	106	195
107	190	108	195
108	196	109	201
104	212	104	223
86	141	86	152
87	150	87	161
89	152	91	155
88	151	88	162
92	152	92	163
90	156	91	161
89	156	89	167
91	162	91	173
90	162	90	173
93	152	93	163
94	152	94	163
97	153	97	164
98	153	98	164
99	157	99	168
100	157	100	168
95	153	95	164
96	153	96	164
98	165	98	176
96	165	96	176
97	165	97	176
94	164	94	175
95	165	95	176
101	169	101	180
102	177	102	188
103	186	104	191
105	190	105	201
100	169	100	180
99	169	99	180
107	196	107	207
109	202	110	207
105	208	110	209
106	196	106	207
94	207	105	207
103	203	105	206
100	210	105	211
94	202	105	202
99	203	102	205
103	196	104	201
100	196	101	201
91	206	102	206
95	203	98	205
91	203	94	205
99	208	104	209
91	207	92	212
93	207	93	218
101	181	101	192
102	192	104	195
99	210	99	221
98	208	98	219
96	208	97	213
98	193	101	195
98	220	98	231
99	223	100	228
100	219	102	222
101	223	101	234
99	229	100	234
102	223	102	234
100	213	101	218
102	213	103	218
103	219	103	230
95	208	95	219
94	208	94	219
104	226	104	237
103	231	103	242
105	226	105	237
107	226	107	237
106	226	106	237
105	238	105	249
104	238	104	249
92	164	92	175
93	164	93	175
98	196	99	201
97	214	97	225
96	214	96	225
95	220	95	231
97	226	97	237
98	232	98	243
96	226	96	237
99	235	101	238
99	239	100	244
102	243	103	248
101	239	102	242
92	249	103	249
87	162	87	173
88	163	88	174
90	174	91	179
89	168	89	179
98	177	98	188
100	181	100	192
99	181	99	192
96	189	98	192
92	213	92	224
93	219	93	230
94	220	94	231
91	225	92	230
93	231	93	242
96	238	97	243
94	232	94	243
95	232	95	243
91	243	93	246
94	244	96	247
97	244	98	248
99	245	101	248
83	248	94	248
80	249	91	249
82	247	93	247
89	241	90	246
91	231	91	242
92	231	92	242
81	237	81	248
90	229	90	240
88	225	90	228
94	176	94	187
95	186	95	197
95	182	97	185
96	193	97	198
95	178	97	181
93	198	95	201
82	202	93	202
92	176	92	187
93	176	93	187
79	238	79	249
80	237	80	248
82	235	82	246
83	235	83	246
84	235	84	246
85	235	85	246
86	235	86	246
88	235	88	246
87	235	87	246
89	229	89	240
93	188	94	193
92	188	92	199
87	200	92	201
91	180	91	191
90	194	91	199
86	192	91	193
88	194	89	199
86	194	87	199
81	200	86	201
85	188	85	199
82	196	84	199
76	198	81	199
81	186	81	197
80	186	80	197
82	190	83	195
83	178	83	189
84	184	84	195
82	178	82	189
90	180	90	191
89	180	89	191
86	180	86	191
85	176	85	187
84	172	84	183
86	174	87	179
87	180	87	191
88	175	88	186
85	164	85	175
86	162	86	173
84	158	86	161
80	162	85	163
79	170	84	171
82	172	83	177
79	200	80	205
81	202	81	213
83	150	83	161
84	153	86	156
85	141	85	152
84	141	84	152
79	186	79	197
78	200	78	211
80	206	80	217
81	214	82	219
79	206	79	217
77	200	77	211
75	212	78	214
78	215	78	226
80	218	80	229
79	218	79	229
76	235	79	237
80	230	81	235
77	227	78	232
74	233	79	234
87	229	88	234
84	229	85	234
86	223	86	234
88	219	89	224
90	219	91	224
87	217	87	228
89	215	91	218
86	213	91	214
82	223	82	234
83	225	85	228
81	220	81	229
82	220	85	222
86	215	86	222
76	221	77	226
82	210	84	213
83	214	84	219
85	208	85	219
82	204	83	209
82	203	90	203
84	204	86	207
89	204	90	209
87	204	88	209
87	210	90	212
76	215	77	220
76	200	76	211
84	135	85	140
75	227	76	232
73	227	74	232
73	233	73	244
76	238	76	249
77	238	77	249
78	238	78	249
75	235	75	246
72	247	75	249
74	235	74	246
68	245	73	246
68	247	71	249
67	238	67	249
74	221	75	226
83	164	84	169
81	164	82	169
79	164	80	169
72	233	72	244
72	221	72	232
73	215	73	226
74	215	75	220
77	76	77	87
69	58	69	69
82	150	82	161
66	238	66	249
78	158	79	163
81	150	81	161
80	150	80	161
70	239	71	244
71	227	71	238
70	227	70	238
69	233	69	244
68	233	68	244
70	221	71	226
67	226	67	237
69	221	69	232
68	221	68	232
66	226	66	237
78	164	78	175
79	172	80	177
81	172	81	183
76	184	81	185
79	178	80	183
76	89	76	100
78	90	78	101
77	90	77	101
75	94	75	105
76	101	76	112
75	108	75	119
70	106	75	107
76	113	76	124
77	117	77	128
77	114	80	116
78	117	78	128
80	117	80	128
79	117	79	128
74	108	74	119
72	108	72	119
73	108	73	119
71	108	71	119
73	90	75	93
74	94	74	105
70	94	73	96
72	100	73	105
70	100	71	105
70	97	73	99
69	86	69	97
76	76	76	87
72	82	72	93
73	86	75	89
73	80	74	85
75	76	75	85
71	82	71	93
70	82	70	93
69	74	69	85
72	76	74	79
70	76	71	81
69	98	69	109
70	108	70	119
68	70	70	73
75	120	75	131
76	125	76	133
77	129	79	132
77	133	86	133
80	129	82	132
86	121	86	132
85	121	85	132
85	115	86	120
81	117	81	128
81	105	81	116
83	121	83	132
82	117	82	128
82	111	83	116
84	121	84	132
84	109	84	120
82	99	82	110
79	97	88	97
85	103	85	114
83	99	83	110
84	98	84	108
85	98	87	101
88	98	88	108
86	102	87	107
80	98	81	103
79	98	79	109
80	104	80	113
77	110	79	113
77	104	78	109
68	110	69	115
69	116	69	127
74	120	74	131
70	120	70	131
71	120	71	131
72	120	72	131
73	120	73	131
68	116	68	127
69	128	69	139
67	128	68	133
75	132	75	143
70	132	70	143
74	132	74	143
71	132	71	143
73	132	73	143
72	132	72	143
76	135	76	146
77	135	78	140
77	141	78	146
69	140	69	151
74	144	75	149
76	147	77	152
78	150	79	155
78	147	81	149
83	138	83	149
80	135	83	137
76	154	76	165
82	138	82	149
80	141	81	146
79	138	81	140
77	153	77	164
77	165	77	176
78	176	78	183
65	153	76	153
74	154	75	159
72	154	72	165
73	160	74	165
75	160	75	171
76	171	76	182
72	150	75	152
72	144	73	149
70	144	71	149
60	152	71	152
71	154	71	165
66	183	77	183
62	153	64	156
69	154	70	159
67	154	68	159
65	154	65	165
66	154	66	165
68	160	70	163
67	164	68	169
70	164	70	175
69	164	69	175
74	166	74	177
75	172	75	182
72	179	74	182
73	166	73	177
67	170	68	175
63	178	74	178
69	179	71	182
71	166	71	177
72	166	72	177
65	176	70	177
66	179	68	182
75	184	75	195
76	192	77	197
76	186	77	191
78	186	78	197
64	157	64	168
64	170	65	175
65	166	66	169
53	169	64	169
62	170	63	175
59	176	64	177
60	170	61	175
58	170	59	175
63	157	63	168
62	157	62	168
61	157	61	168
59	153	61	156
60	157	60	168
58	163	59	168
58	157	59	162
58	145	58	156
59	141	59	152
68	140	68	151
60	140	60	151
57	139	58	144
59	129	59	140
60	128	60	139
62	132	62	143
62	126	63	131
67	116	67	127
67	134	68	139
63	132	63	143
67	104	67	115
68	98	68	109
67	92	67	103
68	86	68	97
68	74	68	85
75	196	75	207
73	208	75	211
71	212	74	214
72	200	72	211
70	206	71	211
74	196	74	207
73	196	73	207
70	215	72	218
67	219	72	220
56	221	67	221
65	222	67	225
65	209	65	220
67	212	70	214
67	215	69	218
66	209	66	220
63	215	64	220
67	200	67	211
68	200	68	211
69	200	69	211
71	194	71	205
70	194	70	205
72	188	72	199
74	184	74	195
73	184	73	195
70	184	72	187
70	188	71	193
65	203	66	208
64	199	66	202
67	188	67	199
66	187	66	198
69	188	69	199
66	184	69	186
68	187	68	198
56	163	57	168
57	151	57	162
56	145	57	150
64	203	64	214
65	187	65	198
64	179	65	184
62	179	63	184
51	178	62	178
53	176	58	177
60	185	65	186
56	170	57	175
54	170	55	175
64	187	64	198
52	170	53	175
47	176	52	177
60	179	61	184
63	203	63	214
63	187	63	198
61	199	63	202
62	187	62	198
61	187	61	198
58	187	60	190
58	181	59	186
48	180	59	180
48	179	59	179
39	178	50	178
46	166	46	177
47	179	47	190
51	164	51	175
52	158	52	169
53	157	53	168
55	157	55	168
56	151	56	162
54	157	54	168
50	164	50	175
45	166	45	177
47	164	47	175
48	164	48	175
49	164	49	175
57	181	57	192
60	191	60	202
59	191	59	202
58	191	58	202
55	181	56	186
57	193	57	204
59	203	61	206
62	203	62	214
58	203	58	214
59	208	60	213
59	214	60	219
61	215	62	220
61	207	61	214
49	220	60	220
55	217	58	219
53	215	58	216
51	217	54	219
54	200	56	203
54	204	56	207
56	209	57	214
46	208	57	208
54	209	55	214
52	209	53	214
47	215	52	216
50	209	51	214
47	217	50	219
48	209	49	214
46	209	47	214
46	215	46	226
49	221	51	224
55	221	55	232
52	221	52	232
54	221	54	232
53	221	53	232
48	220	48	231
47	220	47	231
64	222	64	233
65	226	65	237
59	234	64	235
65	238	65	249
49	225	49	236
50	225	50	236
51	225	51	236
51	237	51	248
52	234	52	245
52	233	63	233
56	222	56	232
57	227	58	232
58	224	61	226
57	222	62	223
63	222	63	232
62	224	62	232
59	227	60	232
52	246	55	248
53	234	53	245
54	234	54	245
58	234	58	245
55	234	55	245
57	234	57	245
56	234	56	245
56	246	58	249
63	242	64	247
59	248	64	249
50	238	50	249
39	237	50	237
37	236	48	236
46	232	48	235
62	236	62	247
61	236	61	247
59	236	59	247
60	236	60	247
44	228	46	231
43	232	45	235
35	227	46	227
32	229	43	229
32	228	43	228
38	230	43	231
40	232	42	235
37	232	39	235
32	230	37	231
54	181	54	192
55	187	55	198
56	187	56	198
45	199	56	199
52	181	53	186
53	187	53	198
51	187	52	192
50	181	51	186
49	181	49	192
50	187	50	198
51	193	52	198
48	181	48	192
52	200	53	205
48	206	53	207
48	193	49	198
46	193	47	198
42	191	47	192
50	158	51	163
55	145	55	156
54	145	54	156
53	145	53	156
46	154	46	165
47	152	47	163
49	152	49	163
48	152	48	163
51	146	51	157
50	146	50	157
52	146	52	157
51	140	52	145
55	139	56	144
53	133	53	144
54	133	54	144
58	127	58	138
59	117	59	128
60	122	61	127
61	120	66	121
60	118	65	119
60	106	60	117
61	128	61	139
62	122	64	125
66	108	66	119
61	140	61	151
56	127	56	138
57	127	57	138
61	106	61	117
55	127	55	138
53	127	54	132
66	122	66	133
65	122	65	133
64	126	64	137
62	144	64	147
64	138	65	143
65	134	66	137
65	144	66	149
66	140	67	143
62	148	64	151
62	106	62	117
65	106	65	117
66	96	66	107
63	106	63	117
64	106	64	117
65	90	66	95
67	80	67	91
51	134	52	139
67	68	67	79
68	58	68	69
66	58	67	63
64	65	67	67
56	64	67	64
66	68	66	79
65	80	66	85
64	58	65	63
62	58	63	63
64	86	66	89
52	122	52	133
53	115	53	126
55	121	56	126
54	115	54	126
55	115	56	120
59	105	59	116
60	100	61	105
62	94	62	105
63	94	63	105
64	96	65	101
58	115	58	126
57	115	57	126
52	110	52	121
53	111	55	114
58	103	58	114
59	93	59	104
60	86	60	97
53	99	53	110
62	90	64	93
61	86	63	89
61	90	61	99
54	99	54	110
56	103	56	114
57	103	57	114
55	99	55	110
59	81	59	92
63	80	64	85
61	80	62	85
60	74	60	85
58	91	58	102
57	91	57	102
56	91	56	102
61	68	61	79
62	74	63	79
64	68	64	79
62	68	63	73
65	68	65	79
58	70	60	73
60	65	63	67
55	68	60	69
54	65	59	66
48	67	59	67
54	68	54	79
55	70	55	81
58	74	59	79
58	80	58	90
56	70	56	81
57	70	57	81
55	53	55	64
56	52	56	63
53	68	53	79
49	68	52	70
61	52	61	63
60	52	60	63
52	61	54	64
48	65	53	66
62	45	62	56
63	45	63	56
64	45	64	56
67	41	68	46
66	37	66	48
67	35	68	40
65	37	65	48
75	28	75	39
73	24	75	27
75	12	75	23
77	4	77	15
78	0	78	11
76	4	76	15
75	0	77	3
74	4	75	9
70	10	75	11
72	0	74	3
74	28	74	39
73	28	73	39
69	28	69	39
72	28	72	39
70	28	70	39
71	28	71	39
54	47	55	52
56	40	56	51
57	52	57	63
57	46	58	51
58	52	58	63
59	52	59	63
59	40	59	51
57	34	57	45
58	34	58	45
61	40	61	51
60	40	60	51
64	33	64	44
66	25	66	36
65	25	65	36
68	23	68	34
67	23	67	34
61	34	62	39
62	40	63	44
63	28	63	39
64	17	64	28
65	19	66	24
60	28	60	39
61	22	61	33
62	22	62	33
63	16	63	27
59	28	59	39
64	11	65	16
65	17	70	18
67	19	69	22
70	19	70	27
66	13	68	16
71	16	71	27
69	12	70	16
71	12	73	15
72	16	72	27
73	18	74	23
68	1	68	12
69	0	69	11
70	0	71	5
72	4	73	9
57	0	68	0
63	4	63	15
64	1	66	4
64	8	67	10
60	1	63	3
53	54	54	59
53	42	53	53
43	60	54	60
55	35	55	46
56	28	56	39
54	35	54	46
58	22	58	33
59	16	59	27
60	16	60	27
57	22	57	33
61	10	61	21
62	10	62	21
56	16	56	27
57	10	57	21
60	4	60	15
61	4	62	9
58	10	58	21
59	4	59	15
56	1	59	3
45	0	56	0
44	0	44	11
57	4	58	9
55	4	56	9
52	1	55	3
55	10	56	15
55	16	55	27
54	28	55	33
44	34	55	34
52	36	53	41
42	35	53	35
56	82	57	87
53	82	55	85
49	80	54	81
54	88	57	90
50	86	55	87
50	82	52	85
49	61	51	64
46	61	48	64
54	16	54	27
51	71	52	76
49	77	52	79
47	65	47	76
48	68	48	79
49	71	50	76
48	238	48	249
49	238	49	249
46	238	47	243
34	239	45	239
34	238	45	238
27	237	38	237
30	233	32	236
22	232	33	232
33	233	35	236
26	233	29	235
18	236	29	236
32	238	33	243
22	233	25	235
44	240	45	245
46	244	47	249
42	240	43	245
26	237	26	248
27	238	28	243
31	238	31	249
27	244	28	249
15	249	26	249
30	238	30	249
29	238	29	249
25	237	25	248
21	237	23	240
24	237	24	248
22	241	23	246
20	237	20	248
18	237	19	242
40	240	41	245
32	244	33	249
38	240	39	245
36	240	37	245
34	240	35	245
34	246	36	249
43	246	45	249
40	246	42	249
37	246	39	249
14	238	14	249
18	243	19	248
17	237	17	248
14	234	17	236
16	237	16	248
15	237	15	248
3	237	14	237
4	238	4	249
19	224	19	235
18	224	18	235
5	238	5	249
21	224	21	235
20	224	20	235
6	238	6	249
7	238	7	249
8	238	8	249
9	238	10	243
12	238	13	243
11	245	13	248
9	244	10	249
17	222	17	233
13	231	16	233
10	234	13	236
8	231	9	236
12	222	12	233
9	219	9	230
6	227	8	230
15	225	16	230
13	219	13	230
12	210	12	221
14	219	14	230
16	213	16	224
13	213	14	218
15	213	15	224
11	222	11	233
11	210	11	221
10	222	10	233
10	210	10	221
7	221	8	226
5	221	6	226
6	231	7	236
4	227	5	232
3	233	5	236
3	221	3	232
4	215	4	226
6	217	8	220
3	209	3	220
9	207	9	218
5	209	5	220
8	205	8	216
5	203	6	208
6	211	7	216
7	199	7	210
9	201	10	206
8	199	13	200
10	207	13	209
13	210	16	212
11	201	12	206
13	201	18	202
14	204	15	209
16	204	17	209
13	203	24	203
17	210	18	215
18	204	19	209
50	200	51	205
46	202	47	207
48	200	49	205
42	200	47	201
43	194	44	199
34	193	45	193
41	194	42	199
40	201	41	206
30	200	41	200
39	194	40	199
38	201	39	206
37	194	38	199
35	194	36	199
31	197	34	199
31	194	34	196
28	192	33	193
45	202	45	213
44	202	44	213
43	202	43	213
42	202	42	213
36	207	41	208
41	212	41	223
36	210	41	211
45	214	45	225
30	209	41	209
34	203	35	208
28	206	33	207
22	208	33	208
36	201	37	206
30	201	35	202
42	214	43	219
34	226	45	226
23	227	34	227
44	214	44	225
42	220	43	225
37	214	37	225
29	228	31	231
22	228	24	231
25	228	27	231
30	203	33	205
22	216	22	227
18	218	19	223
17	216	21	217
20	218	21	223
19	210	20	215
20	204	21	209
22	204	24	207
27	196	27	207
26	196	26	207
25	196	25	207
29	194	30	199
28	200	29	205
23	194	28	195
40	212	40	223
38	214	38	225
39	214	39	225
34	212	39	213
29	209	29	220
30	210	35	211
21	210	22	215
36	214	36	225
23	197	24	202
13	196	24	196
19	197	20	202
21	197	22	202
7	197	18	197
14	198	17	200
22	184	22	195
19	192	21	195
30	212	30	223
28	221	29	226
30	224	33	226
34	214	34	225
35	214	35	225
31	212	31	223
32	212	32	223
33	212	33	223
28	209	28	220
26	209	27	214
12	185	12	196
25	209	25	220
26	215	26	226
27	215	27	226
24	221	25	226
23	215	23	226
23	209	24	214
11	185	11	196
10	185	10	196
7	185	7	196
8	185	8	196
9	185	9	196
2	184	2	195
0	178	0	189
1	178	1	189
6	184	6	195
3	184	3	195
5	184	5	195
4	184	4	195
27	182	27	193
13	184	13	195
15	184	15	195
14	184	14	195
16	184	16	195
18	184	18	195
17	184	17	195
21	180	21	191
20	180	20	191
19	180	19	191
34	181	34	192
33	180	33	191
31	186	32	191
28	180	28	191
29	186	30	191
29	182	31	185
32	174	32	185
27	170	27	181
35	187	36	192
35	183	37	186
37	187	38	192
39	181	39	192
38	175	38	186
39	179	44	180
42	181	43	186
40	181	40	192
41	181	41	192
42	187	44	190
44	181	45	186
45	187	46	190
46	179	46	186
35	171	35	182
34	169	34	180
33	168	33	179
34	157	34	168
37	171	37	182
38	171	40	174
39	175	42	177
43	166	43	177
41	163	41	174
36	171	36	182
44	166	44	177
42	163	42	174
29	170	29	181
28	168	28	179
31	170	31	181
30	170	30	181
32	162	32	173
33	156	33	167
29	158	29	169
30	158	30	169
31	158	31	169
32	150	32	161
45	154	45	165
44	154	44	165
43	154	43	165
41	157	42	162
34	145	34	156
33	144	33	155
23	182	23	193
22	172	22	183
23	170	23	181
26	182	26	193
25	182	25	193
24	182	24	193
24	170	24	181
26	170	26	181
25	170	25	181
21	168	21	179
22	160	22	171
20	168	20	179
19	168	19	179
7	173	7	184
2	172	2	183
1	166	1	177
0	166	0	177
6	172	6	183
5	172	5	183
3	172	3	183
4	172	4	183
18	172	18	183
29	154	31	157
23	158	23	169
8	173	8	184
27	158	27	169
28	156	28	167
26	158	26	169
24	158	24	169
25	158	25	169
27	150	28	155
22	156	27	157
17	158	22	159
31	142	31	153
32	138	32	149
30	142	30	153
29	142	29	153
20	162	21	167
10	160	21	160
10	161	21	161
15	154	16	159
19	154	21	157
17	146	17	157
18	146	18	157
14	148	14	159
16	142	16	153
15	142	15	153
26	144	26	155
28	138	28	149
25	144	25	155
27	138	27	149
29	130	29	141
19	148	20	153
30	130	30	141
31	130	31	141
26	134	28	137
17	134	17	145
21	142	21	153
18	134	18	145
24	144	24	155
13	139	16	141
13	136	16	138
13	133	16	135
25	138	26	143
19	136	19	147
20	136	20	147
22	144	22	155
23	144	23	155
18	162	19	167
16	168	18	171
13	148	13	159
25	126	25	137
27	128	28	133
26	122	26	133
27	122	28	127
16	162	17	167
29	118	29	129
30	118	30	129
24	120	25	125
26	116	27	121
28	110	28	121
24	114	25	119
26	104	26	115
27	104	27	115
13	142	14	147
24	132	24	143
23	132	23	143
22	132	22	143
21	130	21	141
20	124	20	135
23	126	24	131
22	120	23	125
12	119	23	119
21	120	21	129
19	124	19	135
18	122	18	133
19	120	20	123
17	122	17	133
13	120	18	121
22	113	23	118
24	102	24	113
25	102	25	113
12	148	12	159
11	148	11	159
14	129	16	132
15	123	16	128
5	122	16	122
7	120	12	121
13	123	14	128
10	129	13	131
2	132	13	132
12	173	12	184
9	173	9	184
11	173	11	184
10	173	10	184
15	162	15	173
17	172	17	183
16	172	16	183
14	174	15	179
13	180	15	183
13	168	13	179
14	162	14	173
10	169	12	172
12	162	13	167
2	168	12	168
7	169	9	172
2	169	5	171
10	162	11	167
21	107	21	118
22	101	22	112
23	101	23	112
20	107	20	118
18	113	19	118
16	113	17	118
26	92	26	103
24	90	24	101
25	90	25	101
10	148	10	159
6	110	6	121
7	108	7	119
11	108	11	119
9	114	10	119
10	102	10	113
17	101	17	112
8	108	8	119
19	101	19	112
18	101	18	112
11	96	11	107
9	102	9	113
8	96	8	107
9	96	10	101
21	95	21	106
22	95	23	100
20	95	20	106
12	107	12	118
7	96	7	107
19	89	19	100
18	89	18	100
17	89	17	100
6	98	6	109
15	107	15	118
16	101	16	112
14	107	14	118
13	107	13	118
23	83	23	94
20	83	20	94
22	83	22	94
21	83	21	94
6	86	6	97
12	95	12	106
16	89	16	100
7	84	7	95
6	74	6	85
11	84	11	95
8	84	8	95
10	84	10	95
9	84	9	95
14	95	14	106
15	95	15	106
15	83	15	94
16	77	16	88
17	77	17	88
13	95	13	106
19	77	19	88
18	77	18	88
15	71	15	82
11	72	11	83
13	83	13	94
12	83	12	94
14	83	14	94
14	71	14	82
13	71	13	82
12	71	12	82
7	72	7	83
8	72	8	83
10	72	10	83
9	72	9	83
6	62	6	73
7	60	7	71
9	66	10	71
11	60	11	71
8	60	8	71
10	54	10	65
9	54	9	65
11	123	12	128
9	123	10	128
6	129	9	131
7	123	8	128
4	125	6	128
1	123	6	124
2	129	5	131
1	125	3	128
4	111	4	122
5	110	5	121
1	129	1	140
4	99	4	110
5	98	5	109
1	111	1	122
2	111	2	122
3	111	3	122
11	133	12	138
4	87	4	98
4	75	4	86
5	86	5	97
5	74	5	85
4	63	4	74
5	62	5	73
4	51	4	62
6	50	6	61
5	50	5	61
4	39	4	50
8	48	8	59
6	38	6	49
5	38	5	49
7	48	7	59
3	33	4	38
5	26	5	37
4	21	4	32
3	39	3	50
7	36	7	47
6	26	6	37
5	22	7	25
3	99	3	110
2	99	2	110
1	99	1	110
3	21	3	32
3	87	3	98
2	87	2	98
1	87	1	98
3	75	3	86
1	71	3	74
3	59	3	70
2	59	2	70
2	53	3	58
0	51	3	52
0	45	1	50
0	53	1	58
1	59	1	70
0	59	0	70
2	39	2	50
0	71	0	82
1	75	1	86
2	75	2	86
0	83	0	94
0	95	0	106
2	27	2	38
0	107	0	118
2	15	2	26
0	119	0	130
0	131	0	142
1	33	1	44
0	33	0	44
0	21	0	32
0	9	0	20
1	21	1	32
1	8	1	19
0	0	0	8
3	9	3	20
2	3	2	14
1	0	4	2
4	9	4	20
3	3	4	8
27	92	27	103
2	133	2	144
1	141	1	152
0	143	0	154
0	155	1	160
1	153	6	154
2	145	3	150
2	151	7	152
4	139	4	150
3	133	3	144
7	153	7	164
0	161	2	164
0	165	9	165
8	159	9	164
2	166	7	167
8	147	8	158
5	159	6	164
4	155	6	158
3	159	4	164
2	155	3	158
9	147	9	158
11	142	12	147
10	136	10	147
9	135	9	146
5	133	10	134
4	135	6	138
6	140	7	145
7	135	8	139
5	147	7	150
5	139	5	146
8	36	8	47
46	142	46	153
50	134	50	145
47	140	47	151
46	130	46	141
47	136	49	139
48	140	48	151
47	124	47	135
49	140	49	151
48	124	48	135
49	124	49	135
50	122	50	133
51	122	51	133
45	142	45	153
45	130	45	141
44	142	44	153
52	98	52	109
54	93	55	98
53	88	53	98
51	92	52	97
50	88	52	91
51	98	51	109
52	48	52	59
40	159	40	170
39	159	39	170
38	159	38	170
37	159	37	170
36	159	36	170
35	159	35	170
42	145	42	156
43	142	43	153
42	133	42	144
44	130	44	141
43	130	43	141
33	138	34	143
32	126	32	137
31	117	31	128
29	106	29	117
30	106	30	117
28	98	28	109
32	120	33	125
33	126	33	137
28	92	29	97
32	114	33	119
31	105	31	116
29	100	30	105
29	99	40	99
29	98	40	98
33	102	33	113
32	102	32	113
34	102	35	107
31	100	36	101
36	102	39	104
37	100	42	101
42	121	42	132
49	112	49	123
51	110	51	121
50	110	50	121
47	118	48	123
50	98	50	109
49	92	50	97
43	118	43	129
42	109	42	120
46	114	48	117
46	118	46	129
45	118	45	129
44	118	44	129
45	106	45	117
46	105	48	108
46	110	48	113
49	100	49	111
44	98	49	99
46	101	48	104
44	100	45	105
40	102	41	107
42	102	43	107
34	108	44	108
36	105	39	107
43	109	44	114
43	90	43	101
41	88	41	99
42	88	42	99
43	78	43	89
48	82	49	87
44	80	48	81
44	77	47	79
47	88	49	91
44	82	44	93
45	82	45	93
44	94	46	97
47	92	48	97
46	82	47	87
41	109	41	120
39	109	40	114
37	109	38	114
40	115	40	126
41	121	41	132
39	115	39	126
38	115	38	126
36	109	36	120
37	115	37	126
34	109	34	120
35	109	35	120
36	121	36	132
37	127	37	138
36	133	36	144
34	126	34	137
34	121	35	125
35	126	35	137
35	138	35	149
35	150	36	155
35	156	38	158
36	147	39	149
39	153	40	158
37	150	38	155
36	145	41	146
41	147	41	156
37	139	38	144
41	133	41	144
40	133	40	144
39	133	39	144
38	127	38	138
39	127	40	132
42	76	42	87
43	71	44	76
46	65	46	76
45	65	45	76
43	65	44	70
43	61	45	64
41	70	42	75
41	76	41	87
42	58	42	69
45	1	45	12
46	1	47	6
48	1	49	6
50	1	51	6
44	12	44	23
41	12	41	23
42	12	43	17
42	18	43	23
54	4	54	15
52	4	52	15
53	4	53	15
53	16	53	27
52	28	53	33
50	24	52	27
51	18	52	23
47	16	52	17
45	20	50	21
45	14	46	19
45	22	50	23
50	28	51	33
47	10	48	15
49	12	51	15
49	8	51	11
46	7	48	9
48	28	49	33
47	24	49	27
45	24	46	29
45	30	47	33
24	78	24	89
20	71	20	82
16	65	16	76
18	71	19	76
17	65	17	76
12	59	12	70
11	48	11	59
9	42	9	53
10	42	10	53
15	59	15	70
13	59	13	70
14	59	14	70
11	36	11	47
9	30	9	41
10	30	10	41
7	30	8	35
7	26	9	29
23	71	23	82
22	71	22	82
21	71	21	82
18	59	18	70
17	53	17	64
16	53	16	64
12	47	12	58
12	41	13	46
12	29	12	40
10	18	10	29
11	24	11	35
8	14	8	25
9	14	9	25
5	10	5	21
7	10	7	21
6	10	6	21
5	4	6	9
8	2	8	13
5	0	7	3
8	0	13	1
15	47	15	58
13	47	13	58
14	47	14	58
11	12	11	23
10	6	10	17
9	2	9	13
10	2	12	5
11	6	12	11
13	29	13	40
14	0	14	11
13	2	13	13
12	12	12	23
12	25	14	28
12	24	23	24
13	14	14	19
14	12	19	13
15	14	17	17
15	18	16	23
18	14	19	19
14	29	14	40
17	20	19	23
15	0	15	11
16	0	16	11
17	0	17	11
18	0	18	11
19	0	19	11
20	0	20	11
51	42	52	47
40	86	40	97
39	86	39	97
38	82	40	85
40	70	40	81
38	76	39	81
39	64	39	75
40	58	40	69
41	58	41	69
39	51	39	62
28	63	39	63
38	51	38	62
37	51	37	62
38	86	38	97
37	86	37	97
36	86	36	97
38	64	38	75
36	64	37	69
37	70	37	81
36	70	36	81
35	82	37	85
35	86	35	97
33	92	34	97
34	80	34	91
35	70	35	81
32	86	33	91
31	92	32	97
30	86	30	97
31	79	31	90
26	80	26	91
27	80	27	91
28	86	29	91
28	74	28	85
25	78	25	89
26	74	27	79
29	74	29	85
25	66	25	77
30	74	30	85
24	66	24	77
33	74	33	85
32	74	32	85
31	67	31	78
34	64	35	69
32	70	34	73
32	64	33	69
28	64	31	66
29	68	30	73
27	67	28	72
26	62	26	73
27	55	27	66
22	63	25	65
21	67	23	70
20	59	20	70
21	55	21	66
19	59	19	70
18	47	18	58
20	47	20	58
19	47	19	58
17	41	17	52
14	41	15	46
16	41	16	52
25	51	25	62
26	50	26	61
21	43	21	54
20	35	20	46
19	35	19	46
18	35	18	46
17	29	17	40
16	29	16	40
15	29	15	40
15	25	17	28
22	51	22	62
24	51	24	62
23	51	23	62
22	39	22	50
23	39	23	50
21	31	21	42
19	29	20	34
18	25	18	34
21	25	22	30
25	39	25	50
24	39	24	50
22	31	23	36
23	26	25	29
23	25	34	25
23	30	34	30
26	26	28	29
29	26	31	29
24	33	25	38
32	26	34	29
24	31	29	32
26	33	26	44
26	46	28	49
26	45	37	45
27	52	30	54
27	50	32	51
29	46	31	49
32	46	34	49
31	52	32	57
29	55	30	60
28	55	28	62
29	61	34	62
31	58	34	60
33	52	34	57
33	50	44	50
35	46	37	49
35	51	35	62
36	51	36	62
40	52	41	57
40	51	51	51
48	48	51	50
47	39	47	50
49	42	50	47
48	36	48	47
50	36	51	41
50	53	51	58
43	59	51	59
42	52	51	52
46	53	49	55
44	56	49	57
42	53	45	55
46	39	46	50
44	36	47	38
45	39	45	50
43	39	44	44
40	37	42	40
41	45	44	47
39	48	44	49
32	36	43	36
39	42	40	47
31	41	42	41
38	42	38	49
37	37	39	40
30	32	32	35
27	33	27	44
33	32	35	35
29	33	29	44
30	36	31	40
28	33	28	44
34	37	36	40
34	42	37	44
30	42	33	44
30	31	41	31
36	32	38	35
39	32	41	35
42	29	43	34
44	24	44	33
39	27	41	30
42	24	43	28
38	24	41	26
36	27	38	30
37	15	37	26
35	12	38	14
38	15	38	23
39	18	40	23
35	19	35	30
36	15	36	26
33	15	35	18
33	19	34	24
32	13	32	24
33	9	34	14
37	0	37	11
35	0	35	11
23	8	34	8
36	0	36	11
29	6	34	7
33	0	34	5
31	0	32	5
29	0	30	5
27	0	28	5
23	6	28	7
25	0	26	5
23	0	24	5
21	0	21	11
22	0	22	11
30	9	32	12
31	13	31	24
30	13	30	24
23	9	23	20
24	9	25	14
29	9	29	20
27	21	29	24
26	13	26	24
28	9	28	20
27	9	27	20
24	15	25	20
22	21	25	23
21	15	22	20
20	12	22	14
20	15	20	23