
196	1	197	6
0	39	5	40
0	41	11	41
70	199	81	199
190	0	195	1
196	0	207	0
198	1	209	1
208	0	219	0
210	1	221	1
220	0	231	0
0	38	11	38
6	39	17	39
6	40	17	40
0	42	11	42
236	63	241	64
0	96	3	98
0	99	11	99
4	98	15	98
12	99	23	99
4	94	6	97
0	93	3	95
7	97	18	97
16	98	27	98
19	96	24	97
4	93	15	93
7	96	18	96
7	95	18	95
7	94	18	94
24	99	35	99
1	198	6	199
0	188	0	199
1	196	6	197
1	189	12	189
1	188	12	188
1	195	12	195
1	190	12	190
1	191	12	191
1	193	12	193
1	192	12	192
1	194	12	194
7	196	18	196
7	197	18	197
7	198	18	198
7	199	18	199
19	199	30	199
19	195	21	198
13	194	18	195
23	198	34	198
22	187	22	198
31	199	42	199
44	199	55	199
35	197	40	198
41	198	52	198
19	191	21	194
41	197	52	197
16	189	21	190
15	191	18	193
14	185	15	190
13	182	13	193
14	184	25	184
16	185	21	186
22	185	33	185
16	187	21	188
22	186	33	186
82	199	93	199
94	196	96	199
97	199	108	199
98	197	109	197
109	198	114	199
97	198	108	198
97	186	97	197
98	196	109	196
98	195	109	195
82	198	93	198
90	195	93	197
94	192	96	195
77	197	88	197
70	198	81	198
89	186	89	197
91	190	96	191
90	192	93	194
94	186	96	189
90	180	90	191
77	196	88	196
77	195	88	195
91	186	93	189
91	184	96	185
78	185	89	185
77	186	88	186
77	190	88	190
83	192	88	193
77	191	88	191
77	194	88	194
71	193	82	193
71	196	76	197
71	192	82	192
65	195	76	195
59	196	70	196
59	197	70	197
65	194	76	194
58	198	69	198
58	199	69	199
56	194	57	199
58	186	58	197
77	189	88	189
77	187	88	187
77	188	88	188
74	188	76	191
62	191	73	191
59	194	64	195
59	189	61	192
59	193	70	193
62	192	70	192
59	188	70	188
62	190	73	190
62	189	73	189
59	187	70	187
59	186	70	186
71	185	73	188
74	183	77	185
78	183	83	184
84	183	89	184
53	195	55	198
59	185	70	185
46	193	57	193
44	194	55	194
41	196	52	196
41	195	52	195
38	193	43	194
35	195	40	196
44	188	45	193
26	194	37	194
23	197	34	197
23	195	34	195
23	191	25	194
23	189	28	190
23	196	34	196
23	187	34	187
23	188	34	188
34	185	39	186
35	188	40	189
35	187	46	187
41	188	43	191
35	190	37	193
26	191	31	192
26	193	34	193
29	189	34	190
40	184	43	186
46	192	57	192
46	188	57	188
46	189	57	189
46	190	57	190
46	191	57	191
238	199	249	199
226	199	237	199
238	0	249	0
232	0	237	1
238	1	243	2
244	1	249	2
226	2	237	2
222	1	231	1
0	43	11	43
13	92	24	92
1	92	12	92
0	81	0	92
16	93	27	93
19	95	30	95
19	94	30	94
25	96	36	96
25	97	36	97
28	98	39	98
37	97	48	97
40	98	51	98
37	96	48	96
25	92	36	92
31	93	34	95
35	95	46	95
35	94	46	94
35	93	46	93
47	95	58	95
49	96	60	96
49	97	60	97
238	108	249	108
238	109	249	109
238	107	249	107
238	106	249	106
70	133	81	133
97	185	108	185
98	186	109	186
98	187	109	187
98	188	109	188
98	189	103	190
98	193	109	193
98	194	109	194
98	191	109	191
104	189	109	190
98	192	109	192
110	191	121	191
110	190	121	190
110	192	121	192
115	199	126	199
115	193	116	198
117	197	128	197
118	198	129	198
127	199	138	199
117	195	122	196
117	193	122	194
111	193	114	195
110	196	114	197
123	196	134	196
129	197	140	197
130	198	141	198
139	199	150	199
135	195	140	196
142	195	144	198
141	184	141	195
123	195	134	195
145	197	150	198
145	195	150	196
110	188	115	189
97	184	108	184
0	187	11	187
12	176	12	187
0	186	11	186
0	185	11	185
0	183	5	184
0	182	11	182
6	183	11	184
0	181	11	181
0	180	11	180
0	179	11	179
0	178	11	178
47	186	52	187
44	183	46	186
47	185	58	185
53	186	57	187
47	184	58	184
48	183	59	183
59	184	70	184
47	172	47	183
49	181	54	182
48	170	48	181
41	180	46	181
35	182	46	182
28	184	39	184
32	183	43	183
26	179	27	184
29	181	34	182
28	170	28	181
71	181	73	184
67	181	70	183
49	180	60	180
60	181	63	183
55	181	59	182
64	180	66	183
61	177	63	180
35	180	40	181
29	179	34	180
67	180	78	180
74	182	85	182
74	181	85	181
86	180	89	182
79	179	84	180
85	169	85	180
73	178	84	178
67	179	78	179
64	176	66	179
52	176	63	176
67	177	72	178
49	177	60	177
49	173	51	176
49	179	60	179
49	178	60	178
86	179	97	179
91	180	102	180
91	181	102	181
91	182	102	182
91	183	102	183
103	183	114	183
109	184	120	184
109	185	120	185
110	187	121	187
110	186	121	186
116	188	127	188
116	189	127	189
122	190	127	191
122	192	133	192
123	194	134	194
123	193	134	193
134	191	139	192
135	193	140	194
140	181	140	192
128	190	133	191
134	185	135	190
136	188	139	190
128	188	133	189
136	185	139	187
67	176	78	176
73	177	84	177
79	174	82	176
83	171	84	176
71	173	82	173
67	175	78	175
67	174	78	174
71	172	82	172
59	173	70	173
55	175	66	175
55	174	66	174
52	172	54	175
49	169	51	172
55	171	58	173
52	168	54	171
40	168	51	168
37	169	48	169
42	170	47	171
36	170	41	171
35	172	46	172
59	172	70	172
59	170	64	171
55	168	58	170
59	167	62	169
30	170	35	171
29	172	34	173
29	174	40	174
35	173	46	173
41	174	46	175
29	175	40	175
35	176	46	176
29	176	34	177
29	178	40	178
35	177	46	177
41	178	46	179
103	182	114	182
103	181	114	181
103	180	114	180
122	187	133	187
122	186	133	186
122	185	133	185
121	174	121	185
115	182	120	183
115	180	120	181
63	169	74	169
65	170	76	170
65	171	76	171
77	170	82	171
83	165	84	170
77	168	82	169
75	164	76	169
77	166	82	167
77	164	82	165
83	164	94	164
85	165	90	166
91	165	96	166
85	168	96	168
86	169	91	170
85	167	96	167
86	178	97	178
86	177	97	177
86	176	97	176
86	174	91	175
86	172	97	172
86	173	97	173
86	171	97	171
92	169	97	170
92	175	103	175
92	174	103	174
98	173	109	173
98	179	109	179
104	174	115	174
110	168	111	173
112	172	117	173
116	174	119	176
120	168	120	179
118	168	119	173
108	177	119	177
110	178	115	179
98	178	109	178
98	176	103	177
104	175	107	177
108	175	113	176
112	170	117	171
112	168	117	169
97	168	108	168
98	169	109	169
109	157	109	168
98	172	109	172
98	171	109	171
98	170	109	170
110	167	121	167
121	168	132	168
110	165	115	166
121	169	132	169
116	165	121	166
121	173	132	173
121	172	132	172
121	171	132	171
121	170	132	170
97	167	108	167
63	168	74	168
214	2	225	2
202	2	213	2
199	2	201	5
198	2	198	13
202	3	207	4
238	3	249	3
0	80	11	80
0	79	11	79
1	81	12	81
12	80	23	80
12	79	23	79
1	83	12	83
1	82	12	82
1	84	12	84
1	85	6	86
1	87	12	87
7	85	12	86
1	88	12	88
1	89	12	89
1	90	12	90
1	91	12	91
13	91	24	91
13	88	16	90
13	86	18	87
17	88	22	89
17	90	28	90
13	85	24	85
19	86	30	86
23	87	28	88
23	89	34	89
29	88	40	88
35	89	46	89
29	87	40	87
25	91	36	91
29	90	40	90
41	90	52	90
37	91	48	91
37	92	48	92
49	91	60	91
53	90	64	90
47	93	58	93
49	92	60	92
47	94	58	94
59	93	64	94
59	95	70	95
61	92	72	92
61	91	72	91
13	84	24	84
13	83	24	83
13	81	24	81
13	82	24	82
65	93	76	93
65	94	76	94
47	89	58	89
24	80	35	80
31	86	42	86
41	88	52	88
41	87	52	87
25	84	30	85
31	84	36	85
38	84	43	85
37	74	37	85
43	86	54	86
53	87	64	87
53	88	64	88
60	89	71	89
44	84	49	85
65	90	76	90
73	92	84	92
73	91	84	91
38	83	49	83
25	81	36	81
36	69	36	80
25	83	36	83
25	82	36	82
37	72	42	73
38	75	49	75
38	74	49	74
43	73	54	73
43	72	54	72
37	71	48	71
37	70	48	70
38	82	49	82
65	88	76	88
72	89	83	89
77	90	88	90
77	88	88	88
84	89	95	89
85	91	96	91
89	90	100	90
38	76	49	76
96	89	107	89
101	90	112	90
108	89	119	89
77	93	88	93
85	92	96	92
101	92	112	92
38	81	49	81
38	79	43	80
38	77	49	77
38	78	49	78
44	80	55	80
44	79	55	79
50	74	61	74
55	73	66	73
50	76	61	76
50	75	61	75
50	77	61	77
50	78	61	78
62	75	67	76
67	73	78	73
62	74	73	74
62	77	73	77
68	75	79	75
68	76	79	76
74	74	85	74
79	72	84	73
85	73	96	73
87	76	98	76
93	75	104	75
81	75	92	75
80	75	80	86
86	74	97	74
84	76	86	79
81	76	83	79
81	80	92	80
87	79	98	79
87	78	98	78
87	77	98	77
81	81	92	81
81	82	86	83
81	84	86	85
81	86	92	86
89	88	100	88
87	82	98	82
93	80	104	80
93	81	104	81
93	86	98	87
81	87	92	87
69	87	80	87
65	85	68	87
69	84	72	86
65	82	68	84
87	85	98	85
87	83	98	83
87	84	98	84
59	85	64	86
55	84	58	86
50	83	53	85
50	82	61	82
59	83	64	84
62	79	64	82
62	78	73	78
56	79	61	80
50	81	61	81
73	85	78	86
79	77	79	86
76	77	78	80
75	81	78	83
74	77	74	84
71	79	73	82
65	80	70	81
99	87	110	87
101	88	112	88
99	82	110	82
99	83	110	83
99	85	104	86
105	84	110	85
105	86	116	86
111	87	122	87
113	88	124	88
111	84	116	85
117	84	120	86
123	87	134	87
121	86	132	86
121	85	132	85
99	77	110	77
99	76	110	76
105	73	108	75
99	73	104	74
98	63	98	74
97	62	97	73
98	62	109	62
100	63	111	63
99	63	99	72
100	64	105	65
106	64	117	64
109	75	120	75
99	79	110	79
99	78	110	78
105	81	116	81
105	80	116	80
111	83	122	83
121	84	132	84
111	82	122	82
117	80	128	80
123	82	134	82
123	83	134	83
117	81	128	81
111	78	116	79
111	76	116	77
117	76	128	76
117	77	128	77
117	78	128	78
117	79	128	79
100	66	111	66
106	65	117	65
112	66	123	66
121	75	132	75
133	84	144	84
133	85	144	85
133	86	144	86
85	72	96	72
100	72	111	72
109	73	120	73
109	74	120	74
100	71	111	71
100	69	105	70
100	67	111	67
100	68	111	68
106	69	117	69
106	70	117	70
112	71	123	71
112	72	123	72
112	68	123	68
118	69	129	69
118	70	129	70
112	67	123	67
121	74	132	74
121	73	132	73
124	72	135	72
124	71	135	71
130	70	141	70
133	73	144	73
136	72	147	72
136	71	147	71
145	73	150	74
133	74	144	74
129	81	140	81
135	82	146	82
135	83	146	83
141	81	152	81
147	76	152	77
141	78	152	78
141	76	146	77
129	76	140	76
133	75	144	75
129	77	140	77
129	79	140	79
129	80	140	80
129	78	140	78
141	79	152	79
141	80	152	80
147	82	158	82
148	83	159	83
147	83	147	94
145	84	146	89
135	92	146	92
139	87	144	88
135	87	138	89
139	89	144	90
135	91	146	91
127	90	138	90
129	88	134	89
125	88	128	89
120	89	123	91
124	90	126	93
120	92	123	94
148	84	159	84
114	90	119	91
102	91	113	91
114	92	119	93
97	91	100	93
90	93	95	94
96	93	96	104
89	93	89	104
101	93	112	93
135	93	146	93
90	95	95	96
90	97	95	98
90	99	95	100
90	101	95	102
90	103	93	105
94	103	95	108
159	81	164	82
153	80	158	81
160	83	165	84
159	79	164	80
153	78	158	79
154	76	165	76
153	77	164	77
153	65	153	76
154	72	157	74
155	75	166	75
159	78	170	78
165	77	176	77
165	79	170	80
154	71	165	71
159	72	170	72
158	73	163	74
165	73	176	73
167	75	172	76
164	74	175	74
173	75	178	76
176	74	187	74
165	81	176	81
171	79	176	80
171	78	182	78
179	76	184	77
165	82	176	82
179	75	190	75
154	69	159	70
154	67	159	68
151	70	152	75
148	69	150	72
151	64	152	69
153	62	156	64
147	62	152	63
154	65	165	65
154	66	165	66
160	68	163	70
164	67	169	68
164	69	175	69
164	70	175	70
166	71	177	71
170	67	175	68
171	72	182	72
177	73	188	73
188	74	199	74
142	69	147	70
139	68	150	68
130	69	141	69
139	64	150	64
139	65	150	65
139	67	150	67
139	66	150	66
157	64	168	64
170	64	181	64
178	71	189	71
183	72	194	72
189	73	200	73
169	55	169	66
170	62	175	63
179	62	184	63
176	60	178	63
170	60	175	61
170	65	181	65
170	66	181	66
176	70	187	70
176	67	181	68
176	69	187	69
182	64	187	65
182	67	193	67
182	66	193	66
182	68	193	68
188	69	199	69
188	70	199	70
190	71	201	71
195	72	206	72
157	63	168	63
157	62	168	62
157	61	168	61
145	61	156	61
141	62	146	63
157	60	168	60
163	58	168	59
151	59	162	59
145	60	156	60
133	67	138	68
127	67	132	68
124	65	126	68
118	64	123	65
127	66	138	66
127	65	138	65
163	56	168	57
179	60	184	61
124	64	135	64
136	61	138	64
139	58	140	63
141	59	144	61
141	57	146	58
147	57	150	59
85	71	96	71
202	70	207	71
200	65	201	70
194	67	199	68
194	64	197	66
198	61	199	66
188	64	193	65
166	83	177	83
177	82	188	82
177	81	188	81
177	80	188	80
177	79	188	79
185	77	190	78
185	76	196	76
191	75	202	75
200	74	211	74
201	73	212	73
207	72	218	72
191	77	202	77
197	76	208	76
203	75	214	75
213	73	224	73
215	74	220	75
221	74	226	75
189	79	200	79
191	78	202	78
225	73	236	73
203	77	214	77
209	76	220	76
215	77	215	88
216	77	227	77
221	76	232	76
227	74	238	74
227	75	238	75
239	71	240	76
237	68	238	73
225	68	236	68
234	69	236	72
239	69	244	70
239	67	244	68
222	72	233	72
227	67	238	67
222	71	233	71
222	69	233	69
222	70	233	70
241	71	246	72
233	76	238	77
219	69	221	72
228	77	230	80
231	77	232	82
233	78	244	78
239	77	249	77
241	75	246	76
241	73	246	74
247	73	249	76
247	69	249	72
245	65	246	70
247	65	249	68
203	78	214	78
233	66	244	66
233	79	244	79
233	80	236	82
237	80	248	80
245	78	249	79
249	80	249	91
238	92	249	92
244	63	249	64
233	65	244	65
242	59	243	64
244	61	249	62
230	63	235	64
221	66	232	66
215	67	226	67
221	65	232	65
213	68	224	68
207	69	218	69
213	70	218	71
208	70	212	71
209	65	220	65
207	67	212	68
209	66	220	66
244	59	249	60
238	58	249	58
230	59	241	59
230	60	241	60
230	61	241	61
230	62	241	62
226	58	237	58
224	59	229	60
218	64	229	64
218	63	229	63
218	61	229	61
218	62	229	62
203	65	208	66
203	67	206	69
202	58	202	69
200	59	201	64
194	59	199	60
186	63	197	63
185	52	185	63
186	62	197	62
186	61	197	61
186	58	189	60
190	57	193	59
186	55	189	57
196	57	201	58
194	53	195	58
190	54	193	56
190	48	191	53
192	48	193	53
194	52	205	52
202	56	207	57
196	55	201	56
196	53	201	54
202	54	207	55
202	53	213	53
203	59	206	61
203	58	214	58
208	59	213	60
208	56	219	56
208	57	219	57
208	55	219	55
208	54	219	54
186	52	189	54
217	59	222	60
214	59	216	62
212	63	217	64
208	61	213	62
203	64	211	64
203	62	207	63
215	58	225	58
178	51	189	51
179	52	184	53
167	52	178	52
167	53	178	53
157	55	168	55
151	56	162	56
151	57	162	57
151	58	162	58
170	59	181	59
182	56	184	59
173	55	184	55
170	56	181	56
173	54	184	54
161	54	172	54
170	58	181	58
170	57	181	57
178	50	189	50
178	49	189	49
145	55	156	55
139	56	150	56
129	57	140	57
127	58	138	58
127	60	138	60
126	62	131	63
124	61	135	61
120	62	125	63
120	59	123	61
127	59	138	59
114	62	119	63
112	58	113	63
114	56	115	61
116	50	116	61
117	58	119	61
110	57	111	62
112	52	113	57
114	44	114	55
115	44	115	55
124	57	126	60
120	56	123	58
127	52	128	57
124	53	126	56
118	54	123	55
117	46	117	57
116	38	116	49
118	51	121	53
122	48	123	53
124	49	126	52
117	44	128	44
117	45	128	45
118	48	121	50
118	46	129	46
118	47	129	47
117	42	122	43
124	48	135	48
127	49	138	49
135	54	138	56
129	55	134	56
129	53	134	54
135	53	146	53
139	54	150	54
129	51	134	52
135	52	146	52
127	50	138	50
135	51	146	51
104	43	115	43
104	42	115	42
110	40	115	41
110	38	115	39
130	46	135	47
136	47	141	48
139	50	150	50
139	49	150	49
147	51	158	51
147	52	158	52
151	53	156	54
157	53	160	54
102	51	113	51
109	53	111	56
100	52	111	52
104	57	109	58
104	60	109	61
98	59	109	59
97	60	102	61
102	50	113	50
97	53	108	53
97	54	108	54
97	56	108	56
97	55	108	55
92	57	103	57
92	58	103	58
86	59	97	59
85	60	96	60
117	41	128	41
123	42	134	42
123	43	134	43
129	44	140	44
129	45	140	45
136	46	147	46
142	48	153	48
142	47	153	47
151	50	162	50
159	51	164	52
151	49	162	49
165	48	166	53
163	45	164	50
117	40	128	40
157	47	162	48
154	45	156	48
159	43	161	46
162	35	162	46
157	41	158	46
159	39	161	42
156	37	161	38
147	39	158	39
148	45	153	46
147	40	158	40
141	44	146	45
147	44	156	44
145	43	156	43
145	42	156	42
145	41	156	41
150	36	161	36
144	38	155	38
144	37	155	37
135	40	146	40
135	39	146	39
132	38	143	38
133	41	144	41
129	39	132	41
135	42	140	43
141	42	144	43
119	38	130	38
131	27	131	38
117	39	128	39
132	37	143	37
117	33	118	38
132	33	137	34
132	36	143	36
132	35	143	35
144	35	149	36
119	37	130	37
74	59	85	59
85	61	96	61
220	56	225	57
226	57	237	57
226	55	231	56
232	55	237	56
220	54	225	55
85	69	96	69
85	70	96	70
91	67	96	68
91	65	96	66
85	62	96	62
85	63	96	63
85	64	96	64
85	67	90	68
79	65	90	65
79	66	90	66
79	63	84	64
79	61	84	62
73	60	84	60
67	61	78	61
73	62	78	63
67	64	78	64
61	63	72	63
61	62	72	62
55	61	66	61
79	67	84	68
73	69	84	69
73	70	84	70
73	71	84	71
67	72	78	72
67	68	78	68
61	69	72	69
55	68	66	68
61	71	72	71
61	70	72	70
55	72	66	72
55	64	66	64
49	62	60	62
49	63	60	63
67	65	78	65
55	65	66	65
67	66	78	66
55	66	66	66
67	67	78	67
55	67	66	67
49	69	60	69
49	70	60	70
49	71	60	71
43	68	54	68
37	69	48	69
37	67	42	68
43	64	54	64
43	67	54	67
43	66	54	66
43	65	54	65
31	66	42	66
25	68	36	68
25	67	36	67
31	65	42	65
31	64	42	64
24	69	35	69
62	59	73	59
61	60	72	60
24	70	35	70
24	71	35	71
24	79	35	79
24	78	35	78
24	77	35	77
24	76	35	76
24	75	35	75
24	74	35	74
24	72	35	72
24	73	35	73
244	93	249	94
232	93	243	93
234	90	237	92
228	91	233	92
228	89	233	90
234	89	245	89
238	90	243	91
244	90	248	91
246	86	248	89
237	81	248	81
237	82	248	82
237	83	248	83
237	84	248	84
237	85	248	85
234	86	245	86
234	87	245	87
234	88	245	88
231	84	236	85
225	83	236	83
225	84	230	85
222	86	233	86
219	84	224	85
222	87	233	87
222	88	233	88
216	89	227	89
216	87	221	88
216	83	218	86
219	90	224	91
217	90	218	95
216	90	216	101
225	90	227	93
219	82	230	82
216	79	218	82
219	78	222	80
219	81	230	81
223	78	226	80
219	92	224	93
228	93	231	95
219	94	219	105
217	96	218	101
220	94	225	95
226	94	227	99
210	89	215	90
204	91	215	91
209	87	214	88
204	89	209	90
197	88	208	88
185	88	196	88
203	86	208	87
209	85	214	86
197	86	202	87
185	86	196	86
185	87	196	87
189	80	200	80
189	81	194	82
196	81	199	83
194	84	199	85
184	83	195	83
200	83	203	85
200	82	211	82
205	83	208	85
209	83	214	84
212	79	214	82
200	81	211	81
201	79	206	80
207	79	211	80
182	84	193	84
182	85	193	85
178	83	181	85
173	86	184	86
166	85	177	85
166	84	177	84
161	86	172	86
154	85	165	85
155	86	160	87
148	85	153	86
154	86	154	97
155	88	160	89
148	87	153	88
148	89	153	90
148	91	153	92
148	93	153	94
173	87	184	87
161	87	172	87
173	88	184	88
155	90	166	90
161	88	172	88
161	89	172	89
155	91	160	92
167	90	178	90
174	89	185	89
179	90	190	90
186	89	197	89
198	89	203	90
191	90	192	95
193	90	195	93
196	90	197	95
193	94	195	97
198	91	203	92
220	96	225	97
220	98	225	99
220	100	231	100
228	98	233	99
228	97	239	97
228	96	239	96
232	94	243	94
232	95	243	95
240	96	245	97
246	95	249	97
220	101	225	102
142	95	153	95
135	94	146	94
238	98	249	98
234	98	237	100
232	100	233	105
238	99	249	99
226	101	231	102
238	100	249	100
238	101	249	101
234	101	237	103
238	102	249	102
238	103	249	103
238	104	249	104
238	105	249	105
234	104	237	106
220	103	231	103
220	104	231	104
226	105	231	106
232	106	233	111
234	107	237	109
234	110	245	110
246	110	249	112
234	111	245	111
102	44	113	44
106	45	111	46
112	45	113	49
94	45	105	45
94	46	105	46
100	49	111	49
90	50	101	50
88	52	99	52
90	51	101	51
100	47	111	47
100	48	111	48
88	47	99	47
88	49	99	49
88	48	99	48
78	50	89	50
78	51	89	51
85	56	96	56
80	57	91	57
80	58	91	58
85	55	96	55
76	52	87	52
85	53	96	53
85	54	96	54
68	58	79	58
82	46	93	46
76	49	87	49
76	47	87	47
76	48	87	48
66	50	77	50
66	51	77	51
70	52	75	53
76	53	81	54
82	53	84	56
70	55	81	55
64	54	75	54
58	55	69	55
70	56	81	56
68	57	79	57
56	57	67	57
56	58	67	58
50	59	61	59
49	60	60	60
43	61	54	61
58	56	69	56
37	63	48	63
37	62	48	62
58	53	69	53
49	54	60	54
46	56	57	56
44	57	55	57
44	58	55	58
38	59	49	59
37	60	48	60
31	61	42	61
25	63	36	63
27	64	30	66
58	52	69	52
46	55	57	55
25	62	36	62
44	53	55	53
56	48	57	53
37	54	48	54
19	61	30	61
15	64	26	64
21	65	26	66
13	62	24	62
13	63	24	63
34	55	45	55
34	56	45	56
26	59	37	59
25	60	36	60
32	57	43	57
32	58	43	58
13	67	24	67
9	65	20	65
9	66	20	66
13	68	24	68
12	69	23	69
1	68	12	68
1	67	12	67
6	63	8	66
0	65	5	66
0	67	0	78
1	77	6	78
7	77	12	78
12	70	23	70
1	76	12	76
0	63	5	64
1	75	12	75
1	74	12	74
70	48	75	49
44	52	55	52
12	71	23	71
1	73	12	73
1	72	12	72
13	72	18	73
20	72	23	74
13	74	18	75
19	75	22	77
13	76	18	77
13	78	23	78
6	69	11	70
1	69	4	71
66	47	69	49
26	57	31	58
9	62	12	64
60	50	65	51
58	46	59	51
60	47	63	49
64	44	65	49
60	44	63	46
52	46	57	47
44	49	55	49
44	48	55	48
44	50	55	50
44	51	55	51
66	46	77	46
78	44	81	46
82	45	93	45
82	44	93	44
94	43	99	44
100	33	100	44
101	33	101	44
102	38	103	43
102	37	113	37
104	40	109	41
104	38	109	39
104	35	109	36
110	33	112	36
113	34	116	36
102	31	103	36
104	33	109	34
113	31	116	33
105	30	108	32
104	21	104	32
109	30	112	32
117	31	122	32
119	33	130	33
125	31	130	32
123	21	123	32
124	25	125	30
126	27	128	30
129	25	130	30
126	23	128	26
124	13	124	24
125	13	125	24
119	36	130	36
119	35	130	35
119	34	130	34
113	29	118	30
109	27	112	29
105	27	108	29
119	28	122	30
116	26	121	27
122	16	122	27
123	9	123	20
113	25	115	28
116	24	121	25
116	22	121	23
112	22	115	24
106	25	111	26
106	23	111	24
105	15	105	26
106	21	111	22
124	12	135	12
118	19	121	21
112	20	117	21
112	18	117	19
118	16	121	18
112	16	117	17
106	19	111	20
106	17	111	18
106	15	111	16
113	14	118	15
112	4	112	15
100	14	111	14
119	13	122	15
113	12	118	13
119	10	122	12
117	8	122	9
113	10	118	11
113	7	116	9
99	19	104	20
92	21	103	21
84	20	95	20
96	17	98	20
99	17	104	18
93	16	104	16
90	17	95	18
93	15	104	15
84	19	95	19
92	22	103	22
88	14	99	14
78	17	89	17
78	18	89	18
87	15	92	16
75	16	86	16
117	7	128	7
123	8	134	8
124	10	129	11
124	9	135	9
130	10	141	10
130	11	141	11
100	13	111	13
100	12	111	12
106	10	111	11
104	6	105	11
106	8	111	9
106	5	109	7
110	2	111	7
98	4	109	4
92	11	103	11
101	6	103	9
88	12	99	12
92	10	103	10
88	13	99	13
94	5	105	5
89	9	100	9
80	10	91	10
80	11	91	11
76	12	87	12
76	14	87	14
75	15	86	15
76	13	87	13
98	3	109	3
98	2	109	2
89	6	100	6
89	7	100	7
89	8	100	8
112	3	123	3
113	4	118	5
119	4	124	5
113	6	124	6
112	2	123	2
124	3	135	3
124	2	135	2
125	6	136	6
129	7	140	7
137	4	140	6
136	2	141	3
141	4	152	4
135	8	146	8
141	6	152	6
141	7	152	7
141	5	152	5
136	9	147	9
147	8	158	8
125	4	136	4
125	5	136	5
142	3	153	3
153	4	164	4
153	7	164	7
153	5	164	5
153	6	164	6
142	2	153	2
154	3	165	3
154	2	165	2
86	4	97	4
82	5	93	5
74	4	85	4
77	6	88	6
70	5	81	5
73	6	76	8
61	6	72	6
64	4	69	5
70	2	73	4
58	3	69	3
52	4	63	4
52	5	63	5
58	2	69	2
77	7	88	7
77	8	88	8
77	9	88	9
68	10	79	10
61	7	72	7
65	9	76	9
61	8	72	8
68	11	79	11
70	12	75	13
64	14	75	14
58	12	69	12
56	11	67	11
56	10	67	10
53	9	64	9
58	13	69	13
49	6	60	6
40	5	51	5
46	3	51	4
52	2	57	3
49	7	60	7
49	8	60	8
40	2	51	2
34	3	45	3
34	4	45	4
28	2	39	2
74	3	85	3
86	3	97	3
86	2	97	2
74	2	85	2
37	6	48	6
28	5	39	5
22	4	33	4
22	3	33	3
16	2	27	2
24	5	27	7
12	5	23	5
10	4	21	4
10	3	21	3
4	2	15	2
4	3	9	4
12	6	23	6
12	7	23	7
159	8	170	8
165	4	170	5
166	1	169	3
170	3	181	3
165	6	176	6
171	4	182	4
171	5	182	5
165	7	176	7
154	1	165	1
142	1	153	1
130	1	141	1
118	1	129	1
106	1	117	1
94	1	105	1
82	1	93	1
76	0	81	1
70	0	75	1
82	0	93	0
94	0	105	0
106	0	117	0
118	0	129	0
130	0	141	0
142	0	153	0
154	0	165	0
166	0	177	0
170	2	181	2
170	1	181	1
178	0	189	0
182	1	187	2
188	1	189	6
58	0	69	0
58	1	69	1
46	1	57	1
46	0	57	0
34	0	45	0
22	0	33	0
10	0	21	0
4	0	9	1
10	1	21	1
22	1	33	1
34	1	45	1
183	3	186	5
187	3	187	14
0	0	3	2
0	3	3	5
6	5	11	6
4	5	5	10
6	7	11	8
0	6	3	8
0	9	3	11
177	6	182	7
183	6	186	8
188	7	193	8
190	5	195	6
190	2	195	3
194	7	197	9
192	10	197	11
188	9	191	11
171	8	182	8
4	11	15	11
6	9	17	9
12	8	23	8
6	10	17	10
24	8	35	8
28	6	33	7
34	7	45	7
46	7	48	10
49	9	52	11
53	10	55	13
56	12	57	17
16	11	27	11
18	9	29	9
18	10	29	10
49	12	52	14
53	14	55	17
58	14	63	15
64	15	69	16
70	15	73	17
74	15	74	26
75	17	77	20
62	18	73	18
58	16	63	17
62	19	73	19
78	19	83	20
36	8	39	10
40	8	45	9
40	10	45	11
46	11	48	14
34	12	45	12
28	11	39	11
30	9	35	10
34	13	45	13
22	12	33	12
41	15	52	15
34	14	45	14
62	20	73	20
126	22	137	22
131	25	136	26
129	24	140	24
129	23	140	23
137	25	148	25
137	26	148	26
132	27	143	27
132	28	137	29
132	30	143	30
138	29	149	29
144	27	155	27
138	28	149	28
132	31	143	31
132	32	143	32
138	33	149	33
138	34	149	34
144	32	155	32
150	35	161	35
150	34	161	34
150	33	161	33
162	34	173	34
162	33	173	33
150	28	161	28
150	29	155	30
144	30	149	31
152	31	163	31
156	32	167	32
156	29	167	29
156	30	167	30
164	31	175	31
168	32	179	32
174	33	185	33
174	34	185	34
126	21	137	21
126	18	129	20
126	17	137	17
130	19	135	20
126	15	131	16
132	16	143	16
130	18	141	18
138	17	149	17
142	18	153	18
136	20	147	20
136	19	147	19
132	15	143	15
142	10	153	10
148	9	159	9
126	13	137	13
136	12	147	12
142	11	153	11
138	13	149	13
148	12	159	12
154	10	159	11
126	14	137	14
142	14	153	14
150	13	161	13
160	12	171	12
160	11	171	11
150	17	161	17
154	14	159	15
160	14	165	15
144	15	149	16
150	16	161	16
154	18	159	19
148	19	153	20
166	13	171	14
166	15	177	15
172	14	183	14
138	21	149	21
138	22	149	22
141	24	152	24
149	25	154	26
141	23	152	23
150	21	161	21
155	23	157	26
156	27	167	27
154	20	165	20
160	18	171	18
160	19	171	19
150	22	161	22
162	28	173	28
162	16	173	16
162	17	173	17
168	29	179	29
176	31	187	31
168	30	179	30
180	32	191	32
160	9	171	9
160	10	171	10
172	9	183	9
184	9	186	12
172	10	183	10
172	13	183	13
172	12	183	12
172	11	183	11
184	13	186	16
178	15	183	16
174	16	177	18
172	18	173	23
174	19	185	19
174	20	185	20
175	21	186	21
178	18	189	18
186	20	197	20
186	19	197	19
178	17	189	17
187	15	198	15
187	16	198	16
190	17	201	17
190	18	201	18
166	20	171	21
162	21	165	23
158	23	161	25
158	26	169	26
168	27	179	27
174	28	185	28
181	29	186	30
166	22	171	23
174	23	185	23
174	22	185	22
162	24	173	24
174	24	185	24
162	25	173	25
170	26	181	26
180	27	191	27
182	26	193	26
186	28	197	28
192	27	203	27
174	25	185	25
186	24	191	25
192	23	195	25
186	22	191	23
188	21	199	21
194	22	205	22
198	20	209	20
196	26	207	26
198	19	209	19
200	21	211	21
196	25	207	25
187	30	198	30
188	31	199	31
187	29	198	29
198	28	209	28
204	27	215	27
208	26	219	26
199	30	210	30
199	29	210	29
210	28	221	28
216	27	227	27
222	28	227	29
188	12	193	13
194	12	197	14
198	14	209	14
199	15	210	15
199	16	210	16
202	17	213	17
202	18	213	18
210	19	221	19
210	20	221	20
212	21	223	21
206	22	217	22
196	23	207	23
196	24	207	24
208	25	219	25
208	24	219	24
208	23	219	23
218	22	229	22
192	32	203	32
200	31	211	31
211	29	216	30
199	33	204	34
204	32	215	32
212	31	223	31
217	29	221	30
222	30	233	30
205	33	207	36
208	33	219	33
216	32	227	32
224	31	235	31
228	29	239	29
234	30	245	30
210	13	215	14
211	16	222	16
211	15	222	15
214	17	225	17
214	18	225	18
222	19	233	19
222	20	233	20
224	21	235	21
216	13	221	14
222	12	225	14
223	15	228	16
226	17	237	17
234	19	239	20
210	12	221	12
229	14	232	16
226	3	226	14
227	9	228	14
236	21	241	22
227	6	230	8
226	18	237	18
229	9	240	9
214	11	225	11
233	16	244	16
238	17	249	17
240	19	245	20
238	18	249	18
246	19	249	21
242	21	245	23
246	22	249	24
236	23	241	24
242	24	245	26
236	25	241	26
233	14	238	15
246	25	249	27
240	27	245	28
247	28	247	39
228	27	239	27
228	28	239	28
248	28	249	33
246	28	246	39
248	34	249	39
230	22	235	23
224	23	229	24
220	23	223	25
230	24	235	25
224	25	229	26
245	14	248	16
249	5	249	16
238	4	249	4
227	4	232	5
227	3	237	3
234	4	237	6
231	6	233	8
234	7	245	7
234	8	245	8
241	9	243	12
244	10	247	12
246	6	248	9
238	5	243	6
237	13	248	13
239	14	244	15
229	11	240	11
229	10	240	10
229	12	240	12
229	13	236	13
240	31	245	32
234	33	245	33
236	31	239	32
234	34	245	34
214	10	225	10
222	7	225	9
220	5	225	6
210	7	221	7
214	5	219	6
202	6	213	6
204	7	209	8
202	5	213	5
208	4	219	4
220	3	225	4
208	3	219	3
199	6	201	9
202	7	203	12
199	10	201	13
202	13	209	13
208	10	213	11
204	10	207	12
204	9	215	9
216	8	221	9
193	33	198	34
187	33	192	34
186	33	186	44
174	35	185	35
92	23	103	23
92	27	103	27
92	26	103	26
92	24	103	24
92	25	103	25
92	28	103	28
92	29	103	29
92	30	103	30
90	31	101	31
90	32	101	32
88	33	99	33
94	34	99	35
78	32	89	32
76	33	87	33
88	36	99	36
82	34	93	34
82	35	93	35
85	36	87	39
73	36	84	36
70	34	81	34
70	35	81	35
73	37	84	37
61	36	72	36
69	37	72	39
73	38	78	39
79	38	84	39
57	37	68	37
57	38	68	38
65	39	68	41
61	39	64	41
49	39	60	39
49	40	60	40
88	37	99	37
88	38	99	38
69	40	80	40
49	41	60	41
66	45	77	45
66	44	77	44
69	41	80	41
88	39	99	39
88	40	99	40
81	40	86	41
87	41	98	41
88	42	99	42
76	42	87	42
70	42	75	43
64	42	69	43
52	42	63	42
52	43	63	43
76	43	87	43
48	45	59	45
40	46	51	46
40	47	51	47
48	44	59	44
40	42	51	42
40	43	51	43
36	44	47	44
36	45	47	45
40	51	43	53
38	49	43	50
32	48	43	48
28	47	39	47
28	46	39	46
28	53	39	53
25	54	36	54
28	55	33	56
16	56	27	56
16	55	27	55
20	48	31	48
14	57	25	57
20	58	25	59
13	60	24	60
8	58	19	58
7	60	12	61
0	62	8	62
8	59	19	59
28	51	39	51
26	49	37	49
26	50	37	50
28	52	39	52
24	51	27	53
14	49	25	49
14	47	19	48
14	50	25	50
13	54	24	54
10	55	15	56
2	57	13	57
2	58	7	59
1	60	6	61
0	50	0	61
1	48	1	59
20	46	25	47
26	42	27	47
8	46	19	46
12	51	23	51
10	48	13	50
2	47	13	47
0	44	1	47
2	45	7	46
2	44	13	44
8	45	19	45
6	48	9	50
14	44	25	44
2	48	5	50
12	52	23	52
12	53	23	53
2	54	12	54
4	55	9	56
12	41	23	41
12	42	17	43
18	42	23	43
24	38	25	43
26	41	37	41
28	43	39	43
30	44	35	45
28	42	39	42
38	36	39	41
40	38	42	41
45	39	48	41
43	36	44	41
40	34	42	37
45	38	56	38
6	51	11	52
2	51	5	53
45	36	56	36
45	37	56	37
57	34	60	36
78	31	89	31
80	21	91	21
76	21	79	23
75	21	75	32
76	27	77	32
64	33	75	33
64	34	69	35
63	32	74	32
61	33	63	35
69	27	74	28
63	31	74	31
63	29	74	29
57	28	68	28
57	29	62	30
63	30	74	30
51	32	62	32
51	31	62	31
49	33	60	33
39	32	50	32
37	33	48	33
43	34	54	34
28	35	39	35
28	34	39	34
45	35	56	35
25	33	36	33
62	24	73	24
62	26	73	26
62	25	73	25
57	27	68	27
26	40	37	40
62	21	73	21
62	22	73	22
62	23	73	23
76	26	87	26
78	27	83	28
78	29	89	29
84	27	89	28
88	24	91	26
78	30	89	30
80	22	91	22
80	23	91	23
76	25	87	25
76	24	87	24
45	30	50	31
51	29	56	30
26	39	37	39
26	36	37	36
16	34	27	34
16	35	27	35
26	38	37	38
26	37	37	37
14	37	25	37
14	36	25	36
18	39	23	40
12	38	23	38
11	34	13	37
14	30	15	35
19	32	24	33
19	30	24	31
16	30	18	33
39	29	50	29
33	30	44	30
33	31	44	31
27	32	38	32
31	26	32	31
33	28	38	29
33	27	44	27
39	28	50	28
45	27	56	27
25	27	26	32
27	29	30	31
27	26	30	28
228	32	233	33
222	33	227	34
220	33	221	38
222	35	233	35
222	36	223	41
224	36	235	36
234	35	245	35
240	36	245	37
236	36	239	38
224	37	235	37
232	38	235	40
236	39	241	40
244	40	249	41
242	38	245	39
244	42	249	43
242	40	243	45
244	44	249	45
244	46	249	47
238	48	249	48
238	46	243	47
236	42	241	43
228	44	239	44
230	45	241	45
230	41	241	41
226	38	231	39
224	40	231	40
224	41	229	42
230	42	235	43
218	43	229	43
212	42	223	42
206	43	217	43
216	40	221	41
204	41	215	41
200	42	211	42
210	39	221	39
204	40	215	40
198	39	209	39
192	41	203	41
208	34	219	34
192	40	203	40
208	36	219	36
208	35	219	35
208	38	219	38
196	38	207	38
187	39	197	39
208	37	219	37
196	37	207	37
190	37	195	38
187	35	189	38
190	36	201	36
190	35	201	35
188	40	191	42
187	40	187	48
188	43	189	48
192	42	197	43
190	43	191	47
198	42	199	47
192	46	197	47
192	44	197	45
200	43	205	44
226	46	237	46
218	45	229	45
216	44	227	44
206	45	217	45
206	44	215	44
200	45	205	46
200	47	205	48
194	48	199	49
194	50	205	50
200	49	211	49
206	47	211	48
206	46	217	46
194	51	205	51
218	46	223	47
224	46	225	51
212	47	217	48
220	48	223	50
218	48	219	53
220	51	223	53
224	53	235	53
224	52	235	52
236	48	237	53
226	47	237	47
238	52	243	53
212	49	217	50
206	50	211	51
212	51	217	52
226	54	237	54
226	48	231	49
226	50	235	50
232	48	235	49
226	51	235	51
238	54	249	54
244	52	249	53
238	49	249	49
238	50	249	50
238	51	249	51
238	55	249	55
238	56	249	56
238	57	249	57
175	45	186	45
174	44	185	44
169	45	174	46
175	46	186	46
175	47	186	47
175	48	186	48
172	49	177	50
169	47	174	48
167	51	177	51
167	49	171	50
167	43	168	48
169	42	172	44
163	41	168	42
163	43	166	44
173	35	173	44
169	39	172	41
169	36	172	38
163	35	172	35
163	36	168	37
163	38	168	39
174	43	185	43
180	41	185	42
174	41	179	42
174	40	185	40
174	39	185	39
174	38	185	38
174	37	185	37
174	36	185	36
5	36	10	37
5	34	10	35
1	35	4	37
0	26	0	37
1	32	4	34
5	30	7	33
1	28	3	31
4	20	4	31
0	22	2	25
0	19	3	21
4	19	15	19
8	32	13	33
8	30	13	31
0	12	11	12
12	12	15	14
16	12	21	13
0	13	11	13
0	14	11	14
0	18	11	18
0	17	11	17
0	16	11	16
0	15	11	15
12	18	23	18
12	17	23	17
12	16	23	16
12	15	23	15
22	13	33	13
16	14	27	14
28	14	33	15
24	15	27	17
34	15	39	16
40	15	40	26
28	16	33	17
34	17	34	26
33	18	33	26
27	18	32	19
24	18	26	21
27	20	32	21
35	17	38	19
39	17	39	26
35	20	38	22
35	24	38	26
15	26	26	26
18	19	23	20
16	19	17	24
18	21	23	22
10	20	15	21
6	20	9	22
5	23	10	24
11	22	12	27
13	22	15	25
13	26	14	29
5	25	10	26
5	27	10	28
15	27	18	29
19	28	24	29
16	25	27	25
28	23	31	25
24	22	32	22
22	23	27	24
41	26	52	26
53	25	58	26
59	23	61	26
47	24	58	24
41	25	52	25
41	23	46	24
47	23	58	23
50	18	61	18
41	17	52	17
41	18	46	19
47	18	49	21
41	20	46	21
41	22	52	22
41	16	52	16
50	21	61	21
53	22	61	22
50	19	61	19
50	20	61	20
127	91	132	92
133	91	134	96
136	95	141	96
135	95	135	106
127	93	132	94
124	94	126	97
127	95	132	96
129	97	134	98
127	97	128	102
129	99	134	100
129	101	134	102
142	96	153	96
204	92	215	92
77	94	88	94
77	95	88	95
71	95	76	96
67	96	70	98
71	97	82	97
77	96	88	96
83	97	88	98
71	98	82	98
77	99	88	99
65	99	76	99
61	96	66	97
55	98	66	98
52	98	54	101
55	99	60	100
61	99	64	101
55	101	60	102
77	100	88	100
65	100	76	100
61	102	66	103
67	102	78	102
65	101	76	101
77	101	88	101
67	103	78	103
79	102	82	104
73	104	78	105
83	102	88	103
67	104	72	105
55	104	66	104
49	103	60	103
46	99	51	100
46	101	51	102
42	99	45	101
36	99	41	100
83	104	88	105
89	105	89	116
90	106	93	108
79	105	82	107
83	106	88	107
90	109	101	109
90	110	101	110
90	111	101	111
90	112	101	112
96	105	107	105
96	106	107	106
96	107	107	107
96	108	107	108
90	113	95	114
96	113	107	113
102	109	113	109
102	110	107	111
102	112	113	112
108	111	119	111
108	110	119	110
114	107	117	109
108	107	113	108
118	109	129	109
118	108	129	108
109	113	120	113
114	112	125	112
120	110	131	110
120	111	131	111
108	113	108	124
121	113	132	113
126	112	137	112
130	107	133	109
134	107	145	107
134	108	145	108
132	110	143	110
134	109	145	109
132	111	143	111
144	110	146	113
138	112	143	113
134	113	137	115
133	113	133	124
123	103	134	103
118	96	123	97
112	95	123	95
112	96	117	97
108	94	119	94
115	98	126	98
115	99	126	99
115	100	126	100
115	101	126	101
115	102	126	102
117	103	122	104
105	103	116	103
99	103	104	104
105	104	116	104
97	99	98	104
97	97	102	98
97	94	102	95
99	100	102	102
103	100	106	102
97	96	108	96
103	94	107	95
109	95	111	98
112	98	114	101
108	100	111	102
103	97	108	98
100	99	111	99
108	105	119	105
108	106	119	106
118	107	129	107
120	105	131	105
132	104	134	106
120	106	131	106
136	97	147	97
148	97	153	98
136	106	147	106
146	109	157	109
146	108	157	108
146	107	157	107
148	105	153	106
136	105	147	105
136	98	147	98
136	104	147	104
136	103	147	103
136	99	147	99
136	100	147	100
136	101	147	101
136	102	147	102
148	100	153	101
148	99	159	99
154	98	165	98
148	102	159	102
154	100	159	101
148	103	159	103
148	104	159	104
154	106	165	106
154	105	165	105
155	97	166	97
161	91	172	91
173	91	176	93
160	99	171	99
166	98	177	98
177	91	182	92
184	91	189	92
183	91	183	102
190	91	190	102
177	93	182	94
184	93	189	94
185	95	187	98
184	97	184	108
188	95	189	100
172	99	177	100
191	96	192	101
185	99	187	102
188	101	189	106
185	103	187	106
160	104	171	104
160	100	171	100
160	101	165	102
160	103	171	103
166	102	177	102
166	101	177	101
155	93	166	93
161	92	172	92
167	93	172	94
173	94	176	96
155	94	166	94
155	95	160	96
161	95	172	95
161	96	172	96
177	95	182	96
171	97	182	97
181	98	182	103
178	98	180	101
178	102	180	105
183	103	183	114
181	104	182	109
166	105	177	105
172	103	177	104
172	106	174	109
166	106	171	107
160	107	165	108
158	107	159	112
166	108	171	109
175	106	180	107
160	109	165	110
175	108	180	109
152	110	157	111
148	110	151	112
147	110	147	121
152	112	157	113
148	113	151	115
190	103	195	104
193	102	204	102
193	101	204	101
193	99	198	100
193	98	204	98
196	96	207	96
196	97	207	97
198	95	209	95
198	94	209	94
198	93	209	93
199	100	210	100
205	98	210	99
208	96	213	97
210	93	215	94
214	95	215	100
211	98	213	101
214	101	214	112
215	101	215	112
216	102	218	105
216	106	221	107
205	101	210	102
211	102	213	105
208	106	213	107
207	103	210	105
202	108	213	108
196	107	207	107
196	106	207	106
196	103	201	104
203	103	206	105
190	105	201	105
208	109	213	110
190	106	195	107
186	107	189	109
185	107	185	118
184	109	184	120
222	105	225	107
226	107	231	108
220	109	231	109
216	108	225	108
216	109	219	111
216	112	227	112
220	111	231	111
220	110	231	110
202	109	207	110
202	111	213	111
73	106	78	107
160	111	165	112
96	114	107	114
109	114	120	114
121	114	132	114
141	114	146	115
138	114	140	117
134	116	137	118
141	116	146	117
152	114	155	116
148	116	151	118
156	114	167	114
158	113	169	113
166	111	171	112
166	110	177	110
172	111	173	116
175	111	180	112
181	110	182	115
174	111	174	122
168	114	169	119
183	115	183	126
180	116	182	119
175	113	180	114
179	115	179	126
176	115	178	118
175	119	178	121
170	113	171	118
170	119	171	124
168	120	168	131
169	124	169	135
172	117	173	122
172	123	174	126
170	125	171	130
180	120	182	123
180	124	182	127
175	122	178	124
175	125	178	127
172	127	174	130
179	127	179	138
175	128	178	130
156	115	167	115
184	121	189	122
185	119	196	119
185	120	196	120
170	131	173	133
170	134	171	139
174	131	177	133
178	131	178	142
174	134	177	136
172	134	173	139
174	137	177	139
158	139	169	139
164	137	169	138
158	136	169	136
152	138	163	138
152	137	163	137
146	139	157	139
163	132	168	133
157	134	168	134
146	136	157	136
146	137	151	138
157	135	168	135
190	121	201	121
190	122	201	122
190	108	201	108
190	109	201	109
90	115	101	115
102	115	107	116
109	115	120	115
121	115	132	115
148	119	159	119
156	116	167	116
152	117	163	117
152	118	163	118
164	117	167	119
165	120	167	123
159	120	164	121
153	120	158	121
149	120	152	122
148	120	148	131
149	123	160	123
153	122	164	122
161	123	163	126
164	124	167	126
157	132	162	133
156	127	167	127
156	128	167	128
149	126	160	126
149	127	154	128
149	124	160	124
149	125	160	125
149	129	154	130
156	129	167	129
155	130	160	131
162	130	167	131
149	131	154	132
155	132	156	135
143	133	154	133
137	132	148	132
143	135	154	135
143	134	154	134
140	136	145	137
137	134	142	135
131	133	142	133
131	134	136	135
179	139	190	139
180	138	191	138
180	137	191	137
180	136	191	136
180	135	191	135
180	133	185	134
180	132	191	132
186	134	197	134
186	133	197	133
192	132	203	132
180	131	191	131
183	127	194	127
184	126	195	126
195	127	200	128
196	126	207	126
184	125	195	125
196	125	207	125
184	124	195	124
196	124	207	124
184	123	195	123
196	123	207	123
202	121	207	122
183	128	194	128
180	128	182	130
183	129	194	129
183	130	194	130
192	131	203	131
195	130	206	130
201	128	212	128
201	127	212	127
195	129	206	129
204	131	215	131
207	130	218	130
207	129	218	129
204	132	215	132
192	135	203	135
198	133	203	134
192	136	203	136
193	138	196	140
191	139	192	144
192	137	203	137
193	141	204	141
197	138	202	139
197	140	208	140
203	139	214	139
203	138	214	138
204	133	215	133
204	134	215	134
204	135	215	135
204	136	215	136
204	137	215	137
24	100	35	100
12	100	23	100
0	100	11	100
0	101	11	101
0	102	11	102
55	105	66	105
109	116	120	116
109	117	114	118
109	119	112	121
109	124	120	124
113	119	115	122
115	118	126	118
117	117	128	117
116	119	127	119
121	116	132	116
128	118	131	120
132	117	132	128
109	123	120	123
133	127	144	127
133	125	144	125
133	126	144	126
116	120	127	120
116	121	127	121
128	121	131	123
116	122	127	122
121	123	126	124
127	123	127	134
131	131	136	132
128	124	131	126
128	127	131	129
132	129	137	130
137	131	147	131
129	130	130	135
138	129	143	130
145	127	147	130
145	123	147	126
136	122	147	122
134	119	135	124
138	123	143	124
136	119	139	121
138	118	146	118
141	119	146	120
133	128	144	128
128	130	128	141
123	125	126	127
116	135	127	135
116	136	127	136
121	133	126	134
121	131	126	132
121	129	126	130
119	125	122	127
115	128	126	128
107	125	118	125
102	121	107	122
102	123	107	124
107	126	118	126
107	127	118	127
103	128	114	128
95	125	106	125
98	122	101	124
95	126	106	126
95	127	106	127
90	121	101	121
86	124	97	124
86	122	97	122
86	123	97	123
122	137	127	138
118	137	121	139
114	137	117	139
110	135	115	136
102	137	113	137
122	139	125	141
126	139	127	144
96	117	107	117
90	116	101	116
90	117	95	118
96	118	107	118
96	119	107	119
96	120	107	120
84	119	95	119
84	120	95	120
78	121	89	121
78	117	89	117
78	118	89	118
72	119	83	119
72	120	83	120
89	125	94	126
89	127	94	128
100	128	102	131
96	128	99	130
95	128	95	139
96	131	99	133
83	129	94	129
77	125	88	125
80	123	85	124
74	122	85	122
74	123	79	124
66	121	77	121
83	126	88	127
77	128	88	128
76	126	81	127
72	125	75	127
62	122	73	122
66	125	71	126
65	128	76	128
60	127	71	127
54	126	65	126
60	124	65	125
66	123	71	124
54	123	65	123
54	124	59	125
77	129	82	130
63	130	74	130
53	128	64	128
48	127	59	127
65	129	76	129
53	129	64	129
83	130	94	130
41	128	52	128
109	129	120	129
109	130	120	130
109	131	120	131
103	129	108	130
109	132	120	132
109	133	120	133
109	134	120	134
104	135	109	136
103	131	108	132
103	133	108	134
98	135	103	136
100	132	102	134
96	134	97	139
98	137	98	148
99	137	100	142
101	137	101	148
99	143	100	148
77	116	88	116
66	118	77	118
66	117	77	117
60	119	71	119
60	120	71	120
54	121	65	121
50	122	61	122
48	125	53	126
42	124	53	124
36	125	47	125
30	124	41	124
42	126	47	127
30	127	41	127
30	126	41	126
42	123	53	123
30	123	41	123
24	125	35	125
26	122	29	124
24	119	25	124
26	118	28	121
29	128	40	128
18	126	29	126
23	114	23	125
24	113	25	118
18	127	29	127
48	120	59	120
41	121	52	121
38	122	49	122
48	119	59	119
30	120	33	122
29	110	29	121
34	120	37	122
26	114	28	117
11	125	22	125
11	124	22	124
18	112	23	113
26	110	28	113
24	107	25	112
38	118	40	121
65	116	76	116
54	118	65	118
54	117	65	117
41	119	46	120
47	109	47	120
48	116	51	118
52	113	53	118
48	108	49	113
50	104	50	115
51	104	54	106
38	107	49	107
36	108	47	108
38	106	49	106
38	104	49	104
34	102	45	102
30	101	41	101
37	103	48	103
38	105	49	105
26	104	37	104
22	102	33	102
18	101	29	101
25	103	36	103
26	105	37	105
26	106	37	106
26	108	31	109
26	107	37	107
14	106	25	106
12	101	17	102
18	102	21	104
22	103	24	105
6	103	17	103
0	103	5	104
10	105	21	105
6	104	17	104
4	105	9	106
10	106	13	108
14	107	16	110
18	107	23	108
18	109	23	110
12	111	23	111
2	110	13	110
0	105	3	107
4	107	9	108
0	108	1	113
2	109	13	109
6	111	11	112
12	112	17	113
2	111	5	113
32	108	35	110
30	110	31	115
36	109	41	110
30	118	35	119
36	114	37	119
30	116	35	117
32	113	35	115
36	111	39	113
40	111	45	112
42	109	46	110
38	116	43	117
38	114	43	115
44	115	46	118
51	112	62	112
55	106	66	106
67	106	72	107
51	111	62	111
54	115	59	116
60	114	63	116
54	113	59	114
64	107	64	116
65	107	66	112
52	110	63	110
52	107	63	107
51	108	62	108
51	109	62	109
65	113	76	113
76	115	87	115
70	114	75	115
65	114	69	115
76	114	87	114
77	113	88	113
67	112	78	112
79	111	84	112
67	111	78	111
85	110	88	112
77	109	88	109
72	110	83	110
68	108	71	110
72	108	76	109
77	108	88	108
6	126	17	126
6	127	17	127
6	113	11	114
12	114	17	115
0	114	5	115
6	115	11	116
12	116	17	117
0	116	5	117
18	114	21	116
22	114	22	123
18	117	21	119
6	117	11	118
0	118	5	119
12	118	17	119
6	119	11	120
12	120	17	121
18	120	21	122
10	123	21	123
5	124	10	125
6	121	9	123
10	122	17	122
2	121	5	123
0	120	1	125
2	124	4	127
0	126	1	131
5	126	5	137
6	128	17	128
0	132	3	134
2	128	4	131
4	132	4	143
0	135	3	137
0	138	3	140
5	138	10	139
6	135	9	137
5	140	16	140
0	141	3	143
23	128	28	129
22	128	22	139
18	128	21	130
19	131	21	134
6	129	17	129
15	131	18	133
6	130	17	130
6	131	11	132
6	133	11	134
12	131	14	134
10	135	15	136
16	134	18	137
11	137	14	139
15	138	20	139
21	137	21	148
18	140	20	143
17	140	17	151
18	144	20	147
18	148	18	159
19	148	20	153
19	154	24	155
5	141	16	141
5	143	16	143
5	142	16	142
21	149	32	149
21	153	32	153
25	154	25	165
21	152	32	152
21	151	32	151
21	150	32	150
26	154	26	165
27	154	32	155
22	140	33	140
22	141	33	141
22	142	33	142
22	147	27	148
22	143	33	143
28	148	39	148
22	144	33	144
22	146	33	146
22	145	33	145
28	147	39	147
19	156	24	157
19	158	24	159
29	129	40	129
82	133	87	134
70	134	81	134
23	139	34	139
34	140	45	140
23	137	28	138
29	138	40	138
35	139	46	139
46	140	49	142
23	130	34	130
35	130	46	130
41	129	52	129
23	131	34	131
35	131	46	131
29	137	40	137
34	141	45	141
34	142	45	142
34	143	45	143
46	143	57	143
34	146	45	146
34	144	45	144
46	144	49	146
34	145	45	145
50	144	55	145
23	136	34	136
35	136	46	136
41	137	52	137
41	138	52	138
50	139	55	140
50	141	55	142
47	134	50	136
41	134	46	135
37	133	40	135
25	135	36	135
23	133	28	134
29	133	34	134
23	132	34	132
35	132	46	132
41	133	52	133
51	134	62	134
51	135	62	135
51	136	62	136
53	137	64	137
53	138	64	138
47	132	58	132
53	133	64	133
63	134	68	135
65	131	68	133
59	131	64	132
63	136	74	136
47	131	58	131
47	130	58	130
69	135	80	135
69	131	80	131
81	131	92	131
93	131	94	136
69	132	80	132
81	132	92	132
88	133	91	135
92	133	92	144
93	137	94	142
81	135	86	136
87	135	87	146
75	136	80	137
81	137	86	138
88	136	91	138
89	139	91	142
88	139	88	150
91	143	91	154
89	143	90	148
89	149	90	154
95	140	97	143
93	143	94	148
92	145	92	156
80	156	91	156
82	147	87	148
77	151	88	151
76	149	87	149
80	143	81	148
85	141	86	146
81	139	86	140
82	143	84	146
76	150	87	150
85	152	88	154
73	141	84	141
73	142	84	142
74	147	79	148
74	143	79	144
68	143	73	144
80	155	91	155
79	153	84	154
73	152	84	152
65	151	76	151
67	153	78	153
61	152	72	152
95	144	97	147
68	145	79	145
68	146	79	146
95	148	97	151
93	149	94	154
64	149	75	149
62	148	73	148
59	150	64	151
51	149	62	149
65	150	75	150
62	147	73	147
69	138	80	138
65	137	74	137
65	138	68	140
69	139	80	139
69	140	80	140
61	141	72	141
59	139	64	140
56	139	58	142
59	141	60	146
61	143	63	146
61	142	72	142
64	143	67	145
56	144	58	147
50	146	55	147
50	148	61	148
44	147	49	148
40	147	42	150
43	147	43	158
44	149	46	152
47	149	50	151
51	150	56	151
57	150	58	155
60	152	60	163
59	152	59	163
51	152	56	153
47	152	50	154
44	153	46	156
68	155	79	155
76	156	79	158
74	156	74	167
75	162	80	163
75	160	80	161
68	156	73	157
81	162	86	163
81	161	92	161
87	162	98	162
87	163	98	163
67	154	78	154
75	159	86	159
81	160	92	160
95	164	106	164
97	165	108	165
97	166	108	166
68	158	73	159
80	158	91	158
87	159	98	159
93	155	104	155
95	152	100	153
95	154	106	154
80	157	91	157
93	160	104	160
105	158	108	160
101	157	104	159
99	156	100	159
107	161	108	164
101	162	106	163
101	156	112	156
92	157	97	158
105	155	116	155
93	161	104	161
113	156	124	156
98	149	109	149
98	150	109	150
98	151	109	151
101	152	112	152
110	150	115	151
101	153	112	153
107	154	118	154
117	155	128	155
113	153	124	153
119	154	130	154
113	152	124	152
110	149	121	149
116	150	127	150
116	151	127	151
125	152	136	152
125	153	136	153
122	149	133	149
128	150	139	150
128	151	139	151
134	147	137	149
110	163	121	163
110	164	121	164
110	157	121	157
123	157	134	157
129	155	140	155
131	154	142	154
137	153	148	153
137	152	148	152
141	155	152	155
143	154	154	154
125	156	136	156
122	157	122	167
123	158	125	161
149	153	160	153
149	151	154	152
155	150	158	152
151	148	154	150
155	147	160	148
155	149	166	149
159	150	164	151
159	152	170	152
166	150	171	151
147	148	150	150
140	151	148	151
143	147	154	147
141	148	146	149
140	139	140	150
141	142	142	147
138	144	139	149
141	141	152	141
144	140	155	140
141	138	143	140
129	138	140	138
134	136	139	137
129	136	133	137
134	139	139	140
134	141	139	142
128	143	139	143
129	139	132	141
122	148	133	148
128	144	133	145
124	145	127	147
134	144	137	146
128	146	133	147
114	144	125	144
117	145	122	146
110	146	115	147
116	147	123	147
105	145	116	145
108	143	113	144
104	146	109	147
102	142	104	145
105	141	107	144
102	148	113	148
114	148	121	148
102	140	113	140
116	140	121	141
114	140	115	143
108	141	113	142
116	142	121	143
122	142	125	143
102	138	113	138
102	139	113	139
110	158	121	158
110	159	121	159
110	160	121	160
110	161	121	161
110	162	121	162
70	165	73	167
64	166	69	167
63	156	63	167
68	163	73	164
68	161	73	162
64	160	73	160
64	161	67	163
64	155	67	157
61	153	63	155
64	158	67	159
61	156	62	161
61	162	62	166
49	166	60	166
47	167	58	167
45	164	48	166
35	167	46	167
28	168	39	168
25	169	36	169
16	168	27	168
49	164	60	164
49	165	60	165
53	162	58	163
51	158	52	163
45	162	50	163
53	160	58	161
53	158	58	159
51	154	56	155
47	155	50	157
51	156	56	157
44	157	46	160
47	158	50	160
39	161	50	161
32	160	43	160
33	162	44	162
31	157	42	157
32	159	43	159
31	158	42	158
29	159	31	162
27	156	30	158
31	156	42	156
27	159	28	164
27	165	32	166
34	163	36	166
37	163	42	164
37	165	42	166
15	166	26	166
23	167	34	167
11	167	22	167
4	168	15	168
33	149	38	150
33	153	36	155
33	151	38	152
37	154	42	155
39	151	42	153
16	171	27	171
16	170	27	170
13	169	24	169
19	160	24	161
7	160	18	160
5	166	10	167
11	161	12	166
13	161	14	166
15	161	18	163
15	164	20	165
19	162	24	163
7	163	10	165
5	161	10	162
1	163	6	164
1	165	4	167
6	159	17	159
2	158	5	160
0	161	4	162
0	163	0	174
0	155	1	160
1	168	3	171
0	175	11	175
0	176	11	176
1	172	12	172
7	169	12	170
4	169	6	171
13	170	14	175
15	170	15	181
13	176	14	181
1	173	12	173
1	174	12	174
0	177	11	177
14	182	25	182
14	183	25	183
20	180	25	181
16	179	19	181
20	178	25	179
26	173	27	178
16	172	27	172
16	176	19	178
20	176	25	177
22	173	25	175
16	173	21	174
6	158	17	158
6	157	17	157
2	155	5	157
6	156	17	156
6	155	17	155
6	154	17	154
6	153	17	153
6	152	17	152
0	153	5	154
0	151	5	152
0	149	5	150
0	148	11	148
0	144	11	144
0	145	11	145
13	144	16	146
12	144	12	151
13	147	16	149
13	150	16	151
0	147	11	147
6	149	11	150
0	146	11	146
155	154	166	154
161	153	172	153
171	152	182	152
172	150	177	151
178	151	189	151
178	150	189	150
173	153	178	154
179	153	190	153
183	152	194	152
190	151	201	151
167	154	172	155
123	162	134	162
133	168	144	168
126	158	137	158
135	157	146	157
137	156	148	156
126	160	137	160
126	159	137	159
126	161	137	161
135	162	146	162
138	158	149	158
147	157	158	157
153	155	164	155
149	156	160	156
138	159	143	160
144	159	149	160
138	161	149	161
165	155	166	160
161	156	164	158
159	157	160	162
161	159	164	161
153	158	158	159
151	160	156	161
158	160	158	171
150	158	150	169
147	162	149	165
157	160	157	171
151	162	156	163
151	164	156	165
151	166	156	167
151	168	156	169
138	166	149	166
135	163	146	163
123	163	134	163
126	166	137	166
123	164	125	167
126	167	137	167
126	164	137	164
138	164	143	165
126	165	137	165
138	167	149	167
146	168	149	170
145	168	145	179
133	169	144	169
156	140	167	140
168	140	173	141
174	140	177	142
156	141	167	141
153	141	155	144
147	142	152	143
143	142	146	144
147	144	152	145
143	145	146	146
153	145	158	146
156	144	167	144
159	145	164	146
161	147	172	147
161	148	172	148
167	149	178	149
165	146	176	146
173	147	184	147
177	146	188	146
185	147	196	147
173	148	184	148
179	149	190	149
185	148	196	148
190	150	201	150
191	149	202	149
197	146	200	148
189	145	194	146
193	143	198	144
195	145	206	145
201	146	204	148
205	146	216	146
193	142	204	142
165	145	176	145
177	145	188	145
168	143	173	144
162	142	173	142
156	143	167	143
199	144	210	144
199	143	210	143
211	144	216	145
205	141	216	141
205	142	216	142
215	139	220	140
215	138	226	138
211	143	222	143
217	141	222	142
221	139	226	140
205	147	216	147
216	137	227	137
216	136	227	136
216	135	227	135
179	142	182	144
174	143	178	144
183	143	188	144
189	140	190	144
183	141	188	142
179	140	182	141
205	148	216	148
216	134	227	134
216	133	227	133
216	132	227	132
216	131	227	131
202	150	213	150
203	149	214	149
202	151	213	151
219	130	230	130
219	129	230	129
133	170	144	170
228	131	233	132
231	130	242	130
234	131	245	131
234	132	237	134
228	133	233	134
243	129	248	130
246	131	249	133
249	119	249	130
238	134	249	134
240	132	245	133
238	118	249	118
237	128	248	128
237	127	248	127
231	129	242	129
231	127	236	128
243	125	248	126
238	113	249	113
234	112	245	112
238	114	249	114
233	116	244	116
245	115	248	117
231	115	242	115
228	112	233	113
234	113	237	114
233	117	244	117
234	118	237	120
238	119	243	120
244	119	247	121
243	123	248	124
237	122	248	122
232	121	243	121
227	116	232	117
225	114	230	115
216	113	227	113
231	123	242	123
225	122	236	122
215	116	226	116
213	114	224	114
202	112	213	112
204	113	215	113
213	115	224	115
198	113	203	114
204	114	209	115
198	115	203	116
210	114	212	117
204	116	209	117
192	117	203	117
197	119	208	119
197	120	208	120
213	116	214	121
208	121	211	123
212	118	212	126
209	118	211	120
196	118	207	118
208	124	211	126
186	118	195	118
190	112	201	112
193	113	195	116
190	113	192	116
186	115	189	117
186	112	189	114
190	111	201	111
186	110	189	111
190	110	201	110
215	117	226	117
222	118	233	118
222	119	233	119
220	121	231	121
216	118	221	119
215	118	215	128
213	123	214	128
222	120	233	120
216	120	219	122
220	122	222	125
223	122	224	127
216	123	219	125
216	126	221	127
216	128	227	128
229	123	230	128
225	123	228	125
231	126	242	126
231	125	242	125
231	124	242	124
238	135	249	135
232	135	237	136
228	135	231	137
238	136	249	136
244	137	249	138
232	137	243	137
232	138	243	138
228	138	231	140
227	138	227	149
223	141	226	143
221	144	226	145
218	144	220	147
217	144	217	155
215	149	215	160
214	150	214	161
216	149	216	160
221	146	226	147
220	148	225	149
226	148	226	159
218	148	219	153
218	154	223	155
220	150	225	151
220	152	225	153
224	154	225	159
218	156	223	157
217	156	217	167
218	158	223	159
215	161	216	166
238	139	249	139
232	139	237	140
238	140	249	140
202	152	213	152
196	152	201	153
195	152	195	163
191	153	194	155
179	154	190	154
167	156	172	157
161	162	166	163
165	161	176	161
159	163	160	168
167	158	178	158
173	156	184	156
173	155	184	155
173	157	184	157
167	159	178	159
167	160	178	160
160	169	171	169
159	169	159	180
160	170	171	170
161	165	164	167
161	168	172	168
161	164	172	164
167	162	172	163
173	162	184	162
173	163	184	163
177	161	188	161
179	159	190	159
179	160	190	160
179	158	190	158
185	155	190	156
185	157	194	157
191	158	194	160
165	165	176	165
173	164	184	164
177	165	178	170
179	165	182	167
165	167	176	167
165	166	176	166
172	169	175	171
176	168	176	179
172	172	175	174
189	161	194	162
185	162	188	164
160	171	171	171
166	172	171	173
160	172	165	173
160	174	171	174
160	175	165	176
161	177	172	177
166	175	171	176
173	175	175	178
160	177	160	188
161	178	172	178
177	175	180	177
179	168	190	168
189	163	194	164
195	164	206	164
183	165	194	165
195	165	206	165
183	166	194	166
183	167	194	167
195	166	206	166
177	173	182	174
177	171	188	171
179	170	190	170
179	169	190	169
177	172	188	172
183	173	188	174
161	179	172	179
173	179	175	182
161	180	172	180
195	167	206	167
211	167	216	168
209	165	214	166
207	167	210	169
209	163	214	164
203	162	214	162
197	163	208	163
197	161	202	162
196	154	196	163
203	160	208	161
197	159	202	160
203	158	208	159
197	157	202	158
197	156	208	156
203	157	213	157
209	158	212	160
209	154	212	156
202	153	213	153
197	154	208	154
197	155	208	155
211	169	222	169
217	168	228	168
218	160	229	160
218	161	223	162
227	159	238	159
218	163	229	163
224	161	229	162
218	165	223	166
218	167	229	167
218	164	229	164
224	165	235	165
230	160	235	161
230	162	241	162
236	160	247	160
230	163	241	163
236	161	247	161
230	164	241	164
224	166	235	166
239	158	244	159
245	157	248	159
248	160	249	165
249	148	249	159
246	145	249	147
238	141	249	141
238	142	249	142
238	144	249	144
238	143	249	143
234	145	245	145
234	142	237	144
234	146	245	146
234	147	245	147
237	148	248	148
231	148	236	149
228	146	233	147
228	144	233	145
228	141	231	143
229	148	230	153
228	148	228	158
227	150	227	158
231	150	236	151
231	152	236	153
229	157	234	158
235	156	238	158
229	155	234	156
235	155	246	155
239	156	244	157
247	151	248	156
237	150	248	150
237	149	248	149
237	151	239	154
229	154	236	154
240	151	245	152
241	153	246	154
147	172	158	172
150	170	155	171
146	171	146	182
147	173	158	173
147	174	158	174
147	175	158	175
155	178	158	180
147	177	158	177
147	176	158	176
149	178	154	179
153	180	154	185
155	181	157	184
155	185	157	188
158	181	159	186
158	187	159	192
147	178	148	183
149	180	152	182
149	183	152	185
143	183	146	185
147	184	147	194
142	180	145	182
142	183	142	194
143	192	146	194
141	172	141	183
142	176	144	179
142	171	144	174
143	186	146	188
143	189	146	191
135	171	140	172
133	171	134	176
127	175	132	176
122	174	132	174
135	179	140	180
148	193	153	194
148	191	153	192
148	187	150	190
151	189	156	190
151	186	154	188
157	189	157	199
151	198	156	199
151	195	154	197
155	191	156	196
135	173	140	174
135	175	140	176
129	178	140	178
131	179	134	181
135	181	137	184
129	182	134	183
125	179	130	180
123	177	128	178
122	175	126	176
122	177	122	184
123	179	124	184
125	184	134	184
125	181	128	183
129	177	140	177
160	189	171	189
161	187	166	188
167	186	170	188
161	185	166	186
167	185	178	185
171	186	182	186
171	187	182	187
171	188	182	188
177	178	188	178
181	175	184	177
185	177	196	177
185	176	196	176
185	175	196	175
189	174	200	174
189	172	194	173
195	171	198	173
191	169	194	171
191	168	202	168
195	169	200	170
199	172	210	172
203	168	206	170
205	171	216	171
207	170	218	170
161	181	172	181
161	182	172	182
161	183	172	183
173	183	184	183
179	185	190	185
180	184	191	184
168	184	179	184
176	182	187	182
185	183	196	183
176	181	187	181
176	180	187	180
177	179	188	179
188	180	199	180
189	179	200	179
189	178	200	178
188	181	199	181
188	182	199	182
197	176	202	177
201	173	206	174
197	175	208	175
207	173	218	173
207	174	218	174
211	172	222	172
219	170	224	171
223	169	234	169
229	168	240	168
236	165	241	166
230	167	241	167
223	172	234	172
225	170	236	170
235	169	246	169
242	165	244	168
242	162	247	163
245	164	246	168
225	171	236	171
226	173	237	173
235	172	246	172
247	164	247	175
248	166	249	171
237	170	242	171
243	170	246	171
248	172	249	177
221	173	224	175
225	174	236	174
225	175	236	175
237	174	240	176
238	173	246	173
241	174	246	175
219	173	220	178
244	176	247	178
241	176	243	179
244	179	249	180
210	175	215	176
209	175	209	186
203	176	208	177
216	175	218	178
210	177	215	178
201	178	206	179
207	178	208	183
203	180	206	182
221	176	226	177
227	176	232	177
233	176	236	178
237	177	240	179
200	180	202	183
197	183	199	186
191	185	196	186
207	184	208	189
185	186	190	187
183	186	184	191
191	187	202	187
200	184	205	185
206	183	206	194
203	186	205	189
207	190	218	190
209	188	220	188
210	189	221	189
221	188	232	188
209	187	220	187
221	187	232	187
219	190	230	190
222	189	233	189
210	179	221	179
221	178	232	178
222	179	233	179
234	179	236	182
210	186	221	186
222	186	233	186
233	187	244	187
233	188	244	188
238	180	243	181
234	186	245	186
245	187	248	189
246	184	249	186
244	181	249	182
238	183	249	183
249	187	249	198
234	185	245	185
234	184	245	184
226	183	237	183
222	182	233	182
222	180	233	180
222	181	233	181
222	184	233	184
222	185	233	185
214	183	225	183
210	182	221	182
210	183	213	185
214	184	219	185
210	180	221	180
210	181	221	181
158	195	169	195
158	194	169	194
158	196	163	197
158	193	169	193
164	197	175	197
164	196	175	196
160	190	171	190
160	192	171	192
160	191	171	191
172	189	177	190
178	189	180	192
172	191	177	192
181	189	182	194
170	193	175	194
176	193	179	195
176	197	187	197
176	196	187	196
180	195	191	195
188	196	193	197
192	195	203	195
194	196	205	196
204	195	215	195
206	196	208	199
194	194	205	194
194	193	205	193
191	188	202	188
185	188	190	189
209	196	220	196
194	197	205	197
191	189	202	189
183	193	188	194
183	192	194	192
189	193	193	194
185	190	190	191
192	191	203	191
195	192	205	192
191	190	202	190
209	199	220	199
222	197	225	199
221	191	221	199
217	193	220	195
215	191	220	192
211	193	216	194
209	191	214	192
207	193	210	194
222	196	233	196
209	197	220	197
209	198	220	198
226	197	237	197
226	198	237	198
222	191	233	191
231	190	242	190
234	189	244	189
243	190	248	191
234	191	237	193
243	192	248	193
238	191	241	193
158	198	169	198
170	198	181	198
158	199	169	199
170	199	181	199
182	198	187	199
188	199	199	199
200	198	205	199
188	198	199	198
222	192	233	192
222	193	233	193
222	194	233	194
222	195	233	195
234	194	245	194